"../../../Engine/Content/EditorResources/S_Actor.ubulk" 0
"../../../Engine/Content/EditorResources/S_Actor.uasset" 1
"../../../Engine/Content/EditorResources/S_Actor.uexp" 2
"../../../Engine/Content/EditorResources/S_BoxReflectionCapture.uasset" 3
"../../../Engine/Content/EditorResources/S_BoxReflectionCapture.uexp" 4
"../../../Engine/Content/EngineResources/DefaultTexture.ubulk" 5
"../../../Engine/Content/EngineResources/DefaultTexture.uasset" 6
"../../../Engine/Content/EngineResources/DefaultTexture.uexp" 7
"../../../Engine/Content/EngineResources/DefaultTextureCube.uasset" 8
"../../../Engine/Content/EngineResources/DefaultTextureCube.uexp" 9
"../../../Engine/Content/EngineResources/DefaultVolumeTexture2D.uasset" 10
"../../../Engine/Content/EngineResources/DefaultVolumeTexture2D.uexp" 11
"../../../Engine/Content/EngineResources/DefaultVolumeTexture.uasset" 12
"../../../Engine/Content/EngineResources/DefaultVolumeTexture.uexp" 13
"../../../Engine/Content/EditorResources/S_Trigger.ubulk" 14
"../../../Engine/Content/EditorResources/S_Trigger.uasset" 15
"../../../Engine/Content/EditorResources/S_Trigger.uexp" 16
"../../../Engine/Content/EditorResources/S_TriggerBox.uasset" 17
"../../../Engine/Content/EditorResources/S_TriggerBox.uexp" 18
"../../../Engine/Content/EditorResources/S_TriggerCapsule.uasset" 19
"../../../Engine/Content/EditorResources/S_TriggerCapsule.uexp" 20
"../../../Engine/Content/EditorResources/S_TriggerSphere.uasset" 21
"../../../Engine/Content/EditorResources/S_TriggerSphere.uexp" 22
"../../../Engine/Content/EngineMeshes/Sphere.ubulk" 23
"../../../Engine/Content/EngineMeshes/Sphere.uasset" 24
"../../../Engine/Content/EngineMeshes/Sphere.uexp" 25
"../../../Engine/Content/EngineResources/GradientTexture0.uasset" 26
"../../../Engine/Content/EngineResources/GradientTexture0.uexp" 27
"../../../Engine/Content/EngineResources/Black.uasset" 28
"../../../Engine/Content/EngineResources/Black.uexp" 29
"../../../Engine/Content/VREditor/LaserPointer/VR_LaserPower_01.ubulk" 30
"../../../Engine/Content/VREditor/LaserPointer/VR_LaserPower_01.uasset" 31
"../../../Engine/Content/VREditor/LaserPointer/VR_LaserPower_01.uexp" 32
"../../../Engine/Content/VREditor/TransformGizmo/TransformGizmoMaterial.uasset" 33
"../../../Engine/Content/VREditor/TransformGizmo/TransformGizmoMaterial.uexp" 34
"../../../Engine/Content/VREditor/TransformGizmo/TranslucentTransformGizmoMaterial.uasset" 35
"../../../Engine/Content/VREditor/TransformGizmo/TranslucentTransformGizmoMaterial.uexp" 36
"../../../Engine/Content/VREditor/TransformGizmo/PlaneTranslationHandle.ubulk" 37
"../../../Engine/Content/VREditor/TransformGizmo/PlaneTranslationHandle.uasset" 38
"../../../Engine/Content/VREditor/TransformGizmo/PlaneTranslationHandle.uexp" 39
"../../../Engine/Content/VREditor/TransformGizmo/BoundingBoxCorner.ubulk" 40
"../../../Engine/Content/VREditor/TransformGizmo/BoundingBoxCorner.uasset" 41
"../../../Engine/Content/VREditor/TransformGizmo/BoundingBoxCorner.uexp" 42
"../../../Engine/Content/VREditor/TransformGizmo/BoundingBoxEdge.ubulk" 43
"../../../Engine/Content/VREditor/TransformGizmo/BoundingBoxEdge.uasset" 44
"../../../Engine/Content/VREditor/TransformGizmo/BoundingBoxEdge.uexp" 45
"../../../Engine/Content/VREditor/TransformGizmo/Main.uasset" 46
"../../../Engine/Content/VREditor/TransformGizmo/Main.uexp" 47
"../../../Engine/Content/VREditor/TransformGizmo/Xray.uasset" 48
"../../../Engine/Content/VREditor/TransformGizmo/Xray.uexp" 49
"../../../Engine/Content/VREditor/TransformGizmo/SM_Sequencer_Node.ubulk" 50
"../../../Engine/Content/VREditor/TransformGizmo/SM_Sequencer_Node.uasset" 51
"../../../Engine/Content/VREditor/TransformGizmo/SM_Sequencer_Node.uexp" 52
"../../../Engine/Content/EditorMaterials/Camera/CineMat.uasset" 53
"../../../Engine/Content/EditorMaterials/Camera/CineMat.uexp" 54
"../../../Engine/Content/EditorMaterials/Camera/MI_CineMat_Rig.uasset" 55
"../../../Engine/Content/EditorMaterials/Camera/MI_CineMat_Rig.uexp" 56
"../../../Engine/Content/EditorMeshes/Camera/SM_CraneRig_Base.ubulk" 57
"../../../Engine/Content/EditorMeshes/Camera/SM_CraneRig_Base.uasset" 58
"../../../Engine/Content/EditorMeshes/Camera/SM_CraneRig_Base.uexp" 59
"../../../Engine/Content/EditorMeshes/Camera/SM_CraneRig_Arm.ubulk" 60
"../../../Engine/Content/EditorMeshes/Camera/SM_CraneRig_Arm.uasset" 61
"../../../Engine/Content/EditorMeshes/Camera/SM_CraneRig_Arm.uexp" 62
"../../../Engine/Content/EditorMeshes/Camera/SM_CraneRig_Mount.ubulk" 63
"../../../Engine/Content/EditorMeshes/Camera/SM_CraneRig_Mount.uasset" 64
"../../../Engine/Content/EditorMeshes/Camera/SM_CraneRig_Mount.uexp" 65
"../../../Engine/Content/EditorMeshes/Camera/SM_CraneRig_Body.ubulk" 66
"../../../Engine/Content/EditorMeshes/Camera/SM_CraneRig_Body.uasset" 67
"../../../Engine/Content/EditorMeshes/Camera/SM_CraneRig_Body.uexp" 68
"../../../Engine/Content/EditorMeshes/Camera/SM_RailRig_Track.ubulk" 69
"../../../Engine/Content/EditorMeshes/Camera/SM_RailRig_Track.uasset" 70
"../../../Engine/Content/EditorMeshes/Camera/SM_RailRig_Track.uexp" 71
"../../../Engine/Content/EditorMeshes/Camera/SM_RailRig_Mount.ubulk" 72
"../../../Engine/Content/EditorMeshes/Camera/SM_RailRig_Mount.uasset" 73
"../../../Engine/Content/EditorMeshes/Camera/SM_RailRig_Mount.uexp" 74
"../../../Engine/Content/EngineMaterials/T_Default_Material_Grid_M.ubulk" 75
"../../../Engine/Content/EngineMaterials/T_Default_Material_Grid_M.uasset" 76
"../../../Engine/Content/EngineMaterials/T_Default_Material_Grid_M.uexp" 77
"../../../Engine/Content/EngineMaterials/T_Default_Material_Grid_N.ubulk" 78
"../../../Engine/Content/EngineMaterials/T_Default_Material_Grid_N.uasset" 79
"../../../Engine/Content/EngineMaterials/T_Default_Material_Grid_N.uexp" 80
"../../../Engine/Content/Functions/Engine_MaterialFunctions01/Opacity/CameraDepthFade.uasset" 81
"../../../Engine/Content/Functions/Engine_MaterialFunctions01/Opacity/CameraDepthFade.uexp" 82
"../../../Engine/Content/EngineMaterials/WorldGridMaterial.uasset" 83
"../../../Engine/Content/EngineMaterials/WorldGridMaterial.uexp" 84
"../../../Engine/Content/ArtTools/RenderToTexture/Meshes/S_1_Unit_Plane.ubulk" 85
"../../../Engine/Content/ArtTools/RenderToTexture/Meshes/S_1_Unit_Plane.uasset" 86
"../../../Engine/Content/ArtTools/RenderToTexture/Meshes/S_1_Unit_Plane.uexp" 87
"../../../Engine/Content/EditorMaterials/ParticleSystems/PSysThumbnail_NoImage.ubulk" 88
"../../../Engine/Content/EditorMaterials/ParticleSystems/PSysThumbnail_NoImage.uasset" 89
"../../../Engine/Content/EditorMaterials/ParticleSystems/PSysThumbnail_NoImage.uexp" 90
"../../../Engine/Content/EditorMaterials/ParticleSystems/PSysThumbnail_OOD.ubulk" 91
"../../../Engine/Content/EditorMaterials/ParticleSystems/PSysThumbnail_OOD.uasset" 92
"../../../Engine/Content/EditorMaterials/ParticleSystems/PSysThumbnail_OOD.uexp" 93
"../../../Engine/Content/EditorLandscapeResources/SplineEditorMeshMat.uasset" 94
"../../../Engine/Content/EditorLandscapeResources/SplineEditorMeshMat.uexp" 95
"../../../Engine/Content/EditorLandscapeResources/SplineEditorMesh.ubulk" 96
"../../../Engine/Content/EditorLandscapeResources/SplineEditorMesh.uasset" 97
"../../../Engine/Content/EditorLandscapeResources/SplineEditorMesh.uexp" 98
"../../../Engine/Content/EditorResources/S_Solver.ubulk" 99
"../../../Engine/Content/EditorResources/S_Solver.uasset" 100
"../../../Engine/Content/EditorResources/S_Solver.uexp" 101
"../../../Engine/Plugins/Media/MediaPlate/Content/SM_MediaPlateScreen.ubulk" 102
"../../../Engine/Plugins/Media/MediaPlate/Content/SM_MediaPlateScreen.uasset" 103
"../../../Engine/Plugins/Media/MediaPlate/Content/SM_MediaPlateScreen.uexp" 104
"../../../Engine/Content/EngineMaterials/Good64x64TilingNoiseHighFreq.uasset" 105
"../../../Engine/Content/EngineMaterials/Good64x64TilingNoiseHighFreq.uexp" 106
"../../../Engine/Content/EngineMaterials/DefaultBokeh.uasset" 107
"../../../Engine/Content/EngineMaterials/DefaultBokeh.uexp" 108
"../../../Engine/Content/EngineMaterials/PreintegratedSkinBRDF.uasset" 109
"../../../Engine/Content/EngineMaterials/PreintegratedSkinBRDF.uexp" 110
"../../../Engine/Content/EngineMaterials/MiniFont.uasset" 111
"../../../Engine/Content/EngineMaterials/MiniFont.uexp" 112
"../../../Engine/Content/EngineMaterials/WeightMapPlaceholderTexture.uasset" 113
"../../../Engine/Content/EngineMaterials/WeightMapPlaceholderTexture.uexp" 114
"../../../Engine/Content/EngineMaterials/DefaultWhiteGrid.ubulk" 115
"../../../Engine/Content/EngineMaterials/DefaultWhiteGrid.uasset" 116
"../../../Engine/Content/EngineMaterials/DefaultWhiteGrid.uexp" 117
"../../../Engine/Plugins/2D/Paper2D/Content/PlaceholderTextures/DummySpriteTexture.ubulk" 118
"../../../Engine/Plugins/2D/Paper2D/Content/PlaceholderTextures/DummySpriteTexture.uasset" 119
"../../../Engine/Plugins/2D/Paper2D/Content/PlaceholderTextures/DummySpriteTexture.uexp" 120
"../../../Engine/Plugins/2D/Paper2D/Content/DefaultSpriteMaterial.uasset" 121
"../../../Engine/Plugins/2D/Paper2D/Content/DefaultSpriteMaterial.uexp" 122
"../../../Engine/Plugins/2D/Paper2D/Content/OpaqueUnlitSpriteMaterial.uasset" 123
"../../../Engine/Plugins/2D/Paper2D/Content/OpaqueUnlitSpriteMaterial.uexp" 124
"../../../Engine/Plugins/2D/Paper2D/Content/MaskedUnlitSpriteMaterial.uasset" 125
"../../../Engine/Plugins/2D/Paper2D/Content/MaskedUnlitSpriteMaterial.uexp" 126
"../../../Engine/Plugins/2D/Paper2D/Content/DummySprite.uasset" 127
"../../../Engine/Plugins/2D/Paper2D/Content/DummySprite.uexp" 128
"../../../Engine/Plugins/2D/Paper2D/Content/DefaultPaperTerrainMaterial.uasset" 129
"../../../Engine/Plugins/2D/Paper2D/Content/DefaultPaperTerrainMaterial.uexp" 130
"../../../Engine/Content/Functions/Engine_MaterialFunctions02/WorldPositionOffset/CameraOffset.uasset" 131
"../../../Engine/Content/Functions/Engine_MaterialFunctions02/WorldPositionOffset/CameraOffset.uexp" 132
"../../../Engine/Plugins/Animation/ControlRig/Content/M_Manip.uasset" 133
"../../../Engine/Plugins/Animation/ControlRig/Content/M_Manip.uexp" 134
"../../../Engine/Content/EditorLandscapeResources/DefaultAlphaTexture.uasset" 135
"../../../Engine/Content/EditorLandscapeResources/DefaultAlphaTexture.uexp" 136
"../../../Engine/Content/EditorLandscapeResources/DataLayer.uasset" 137
"../../../Engine/Content/EditorLandscapeResources/DataLayer.uexp" 138
"../../../Engine/Content/EngineResources/WhiteSquareTexture.uasset" 139
"../../../Engine/Content/EngineResources/WhiteSquareTexture.uexp" 140
"../../../Engine/Content/EngineMaterials/Widget3DPassThrough.uasset" 141
"../../../Engine/Content/EngineMaterials/Widget3DPassThrough.uexp" 142
"../../../Engine/Content/EngineMaterials/Widget3DPassThrough_Translucent.uasset" 143
"../../../Engine/Content/EngineMaterials/Widget3DPassThrough_Translucent.uexp" 144
"../../../Engine/Content/EngineMaterials/Widget3DPassThrough_Translucent_OneSided.uasset" 145
"../../../Engine/Content/EngineMaterials/Widget3DPassThrough_Translucent_OneSided.uexp" 146
"../../../Engine/Content/EngineMaterials/Widget3DPassThrough_Opaque.uasset" 147
"../../../Engine/Content/EngineMaterials/Widget3DPassThrough_Opaque.uexp" 148
"../../../Engine/Content/EngineMaterials/Widget3DPassThrough_Opaque_OneSided.uasset" 149
"../../../Engine/Content/EngineMaterials/Widget3DPassThrough_Opaque_OneSided.uexp" 150
"../../../Engine/Content/EngineMaterials/Widget3DPassThrough_Masked_OneSided.uasset" 151
"../../../Engine/Content/EngineMaterials/Widget3DPassThrough_Masked_OneSided.uexp" 152
"../../../Engine/Content/EngineMaterials/Widget3DPassThrough_Masked.uasset" 153
"../../../Engine/Content/EngineMaterials/Widget3DPassThrough_Masked.uexp" 154
"../../../Engine/Content/EngineMaterials/STBlueNoise_vec2_128x128x64.uasset" 155
"../../../Engine/Content/EngineMaterials/STBlueNoise_vec2_128x128x64.uexp" 156
"../../../Engine/Content/EngineMaterials/STBlueNoise_scalar_128x128x64.uasset" 157
"../../../Engine/Content/EngineMaterials/STBlueNoise_scalar_128x128x64.uexp" 158
"../../../Engine/Plugins/Runtime/MeshModelingToolset/Content/Materials/M_DynamicMeshComponentVtxColor.uasset" 159
"../../../Engine/Plugins/Runtime/MeshModelingToolset/Content/Materials/M_DynamicMeshComponentVtxColor.uexp" 160
"../../../Engine/Plugins/Interchange/Runtime/Content/Pipelines/DefaultTexturePipeline.uasset" 161
"../../../Engine/Plugins/Interchange/Runtime/Content/Pipelines/DefaultTexturePipeline.uexp" 162
"../../../Engine/Plugins/Interchange/Runtime/Content/Pipelines/DefaultSceneLevelPipeline.uasset" 163
"../../../Engine/Plugins/Interchange/Runtime/Content/Pipelines/DefaultSceneLevelPipeline.uexp" 164
"../../../Engine/Plugins/Interchange/Runtime/Content/Pipelines/DefaultSceneAssetsPipeline.uasset" 165
"../../../Engine/Plugins/Interchange/Runtime/Content/Pipelines/DefaultSceneAssetsPipeline.uexp" 166
"../../../Engine/Plugins/Interchange/Runtime/Content/Pipelines/DefaultMaterialPipeline.uasset" 167
"../../../Engine/Plugins/Interchange/Runtime/Content/Pipelines/DefaultMaterialPipeline.uexp" 168
"../../../Engine/Plugins/Interchange/Runtime/Content/Pipelines/DefaultAssetsPipeline.uasset" 169
"../../../Engine/Plugins/Interchange/Runtime/Content/Pipelines/DefaultAssetsPipeline.uexp" 170
"../../../Engine/Plugins/Editor/SpeedTreeImporter/Content/SpeedTree9/game_wind_noise.ubulk" 171
"../../../Engine/Plugins/Editor/SpeedTreeImporter/Content/SpeedTree9/game_wind_noise.uasset" 172
"../../../Engine/Plugins/Editor/SpeedTreeImporter/Content/SpeedTree9/game_wind_noise.uexp" 173
"../../../Engine/Plugins/Editor/SpeedTreeImporter/Content/SpeedTree9/UnpackDirection.uasset" 174
"../../../Engine/Plugins/Editor/SpeedTreeImporter/Content/SpeedTree9/UnpackDirection.uexp" 175
"../../../Engine/Content/Functions/Engine_MaterialFunctions02/ObjectLocalBounds.uasset" 176
"../../../Engine/Content/Functions/Engine_MaterialFunctions02/ObjectLocalBounds.uexp" 177
"../../../Engine/Content/Functions/Engine_MaterialFunctions02/Utility/BreakOutFloat3Components.uasset" 178
"../../../Engine/Content/Functions/Engine_MaterialFunctions02/Utility/BreakOutFloat3Components.uexp" 179
"../../../Engine/Content/Functions/Engine_MaterialFunctions02/UVs/BoundingBoxBased_0-1_UVW.uasset" 180
"../../../Engine/Content/Functions/Engine_MaterialFunctions02/UVs/BoundingBoxBased_0-1_UVW.uexp" 181
"../../../Engine/Content/Functions/Engine_MaterialFunctions02/Utility/VectorLength.uasset" 182
"../../../Engine/Content/Functions/Engine_MaterialFunctions02/Utility/VectorLength.uexp" 183
"../../../Engine/Plugins/Editor/SpeedTreeImporter/Content/SpeedTree9/UnpackInteger3.uasset" 184
"../../../Engine/Plugins/Editor/SpeedTreeImporter/Content/SpeedTree9/UnpackInteger3.uexp" 185
"../../../Engine/Plugins/Editor/SpeedTreeImporter/Content/SpeedTree9/SpeedTreeCameraFacing.uasset" 186
"../../../Engine/Plugins/Editor/SpeedTreeImporter/Content/SpeedTree9/SpeedTreeCameraFacing.uexp" 187
"../../../Engine/Content/Functions/Engine_MaterialFunctions02/WorldPositionOffset/ObjectScale.uasset" 188
"../../../Engine/Content/Functions/Engine_MaterialFunctions02/WorldPositionOffset/ObjectScale.uexp" 189
"../../../Engine/Content/Functions/Engine_MaterialFunctions02/SafeNormalize.uasset" 190
"../../../Engine/Content/Functions/Engine_MaterialFunctions02/SafeNormalize.uexp" 191
"../../../Engine/Plugins/Editor/SpeedTreeImporter/Content/SpeedTree9/SpeedTreeWindMotion.uasset" 192
"../../../Engine/Plugins/Editor/SpeedTreeImporter/Content/SpeedTree9/SpeedTreeWindMotion.uexp" 193
"../../../Engine/Plugins/Editor/SpeedTreeImporter/Content/SpeedTree9/SpeedTreeBranchMotion.uasset" 194
"../../../Engine/Plugins/Editor/SpeedTreeImporter/Content/SpeedTree9/SpeedTreeBranchMotion.uexp" 195
"../../../Engine/Plugins/Editor/SpeedTreeImporter/Content/SpeedTree9/SpeedTreeWind.uasset" 196
"../../../Engine/Plugins/Editor/SpeedTreeImporter/Content/SpeedTree9/SpeedTreeWind.uexp" 197
"../../../Engine/Plugins/Editor/SpeedTreeImporter/Content/SpeedTree9/EmptyNormal.uasset" 198
"../../../Engine/Plugins/Editor/SpeedTreeImporter/Content/SpeedTree9/EmptyNormal.uexp" 199
"../../../Engine/Plugins/Editor/SpeedTreeImporter/Content/SpeedTree9/Empty.uasset" 200
"../../../Engine/Plugins/Editor/SpeedTreeImporter/Content/SpeedTree9/Empty.uexp" 201
"../../../Engine/Plugins/Editor/SpeedTreeImporter/Content/SpeedTree9/SpeedTreeMaster.uasset" 202
"../../../Engine/Plugins/Editor/SpeedTreeImporter/Content/SpeedTree9/SpeedTreeMaster.uexp" 203
"../../../Engine/Plugins/Editor/SpeedTreeImporter/Content/SpeedTree9/SpeedTreeBillboard.uasset" 204
"../../../Engine/Plugins/Editor/SpeedTreeImporter/Content/SpeedTree9/SpeedTreeBillboard.uexp" 205
"../../../Engine/Plugins/Editor/SpeedTreeImporter/Content/SpeedTree9/SpeedTreeBillboardMaster.uasset" 206
"../../../Engine/Plugins/Editor/SpeedTreeImporter/Content/SpeedTree9/SpeedTreeBillboardMaster.uexp" 207
"../../../Engine/Plugins/Animation/ControlRig/Content/Controls/ControlRig_Wedge_solid.ubulk" 208
"../../../Engine/Plugins/Animation/ControlRig/Content/Controls/ControlRig_Wedge_solid.uasset" 209
"../../../Engine/Plugins/Animation/ControlRig/Content/Controls/ControlRig_Wedge_solid.uexp" 210
"../../../Engine/Plugins/Animation/ControlRig/Content/Controls/ControlRig_Wedge_3mm.ubulk" 211
"../../../Engine/Plugins/Animation/ControlRig/Content/Controls/ControlRig_Wedge_3mm.uasset" 212
"../../../Engine/Plugins/Animation/ControlRig/Content/Controls/ControlRig_Wedge_3mm.uexp" 213
"../../../Engine/Plugins/Animation/ControlRig/Content/Controls/ControlRig_Wedge_1mm.ubulk" 214
"../../../Engine/Plugins/Animation/ControlRig/Content/Controls/ControlRig_Wedge_1mm.uasset" 215
"../../../Engine/Plugins/Animation/ControlRig/Content/Controls/ControlRig_Wedge_1mm.uexp" 216
"../../../Engine/Plugins/Animation/ControlRig/Content/Controls/ControlRig_Triangle_solid.ubulk" 217
"../../../Engine/Plugins/Animation/ControlRig/Content/Controls/ControlRig_Triangle_solid.uasset" 218
"../../../Engine/Plugins/Animation/ControlRig/Content/Controls/ControlRig_Triangle_solid.uexp" 219
"../../../Engine/Plugins/Animation/ControlRig/Content/Controls/ControlRig_Triangle_3mm.ubulk" 220
"../../../Engine/Plugins/Animation/ControlRig/Content/Controls/ControlRig_Triangle_3mm.uasset" 221
"../../../Engine/Plugins/Animation/ControlRig/Content/Controls/ControlRig_Triangle_3mm.uexp" 222
"../../../Engine/Plugins/Animation/ControlRig/Content/Controls/ControlRig_Triangle_1mm.ubulk" 223
"../../../Engine/Plugins/Animation/ControlRig/Content/Controls/ControlRig_Triangle_1mm.uasset" 224
"../../../Engine/Plugins/Animation/ControlRig/Content/Controls/ControlRig_Triangle_1mm.uexp" 225
"../../../Engine/Plugins/Animation/ControlRig/Content/Controls/ControlRig_Star4_solid.ubulk" 226
"../../../Engine/Plugins/Animation/ControlRig/Content/Controls/ControlRig_Star4_solid.uasset" 227
"../../../Engine/Plugins/Animation/ControlRig/Content/Controls/ControlRig_Star4_solid.uexp" 228
"../../../Engine/Plugins/Animation/ControlRig/Content/Controls/ControlRig_Star4_3mm.ubulk" 229
"../../../Engine/Plugins/Animation/ControlRig/Content/Controls/ControlRig_Star4_3mm.uasset" 230
"../../../Engine/Plugins/Animation/ControlRig/Content/Controls/ControlRig_Star4_3mm.uexp" 231
"../../../Engine/Plugins/Animation/ControlRig/Content/Controls/ControlRig_Star4_1mm.ubulk" 232
"../../../Engine/Plugins/Animation/ControlRig/Content/Controls/ControlRig_Star4_1mm.uasset" 233
"../../../Engine/Plugins/Animation/ControlRig/Content/Controls/ControlRig_Star4_1mm.uexp" 234
"../../../Engine/Plugins/Animation/ControlRig/Content/Controls/ControlRig_Square_solid.ubulk" 235
"../../../Engine/Plugins/Animation/ControlRig/Content/Controls/ControlRig_Square_solid.uasset" 236
"../../../Engine/Plugins/Animation/ControlRig/Content/Controls/ControlRig_Square_solid.uexp" 237
"../../../Engine/Plugins/Animation/ControlRig/Content/Controls/ControlRig_Square_3mm.ubulk" 238
"../../../Engine/Plugins/Animation/ControlRig/Content/Controls/ControlRig_Square_3mm.uasset" 239
"../../../Engine/Plugins/Animation/ControlRig/Content/Controls/ControlRig_Square_3mm.uexp" 240
"../../../Engine/Plugins/Animation/ControlRig/Content/Controls/ControlRig_Square_1mm.ubulk" 241
"../../../Engine/Plugins/Animation/ControlRig/Content/Controls/ControlRig_Square_1mm.uasset" 242
"../../../Engine/Plugins/Animation/ControlRig/Content/Controls/ControlRig_Square_1mm.uexp" 243
"../../../Engine/Plugins/Animation/ControlRig/Content/Controls/ControlRig_Sphere_solid.ubulk" 244
"../../../Engine/Plugins/Animation/ControlRig/Content/Controls/ControlRig_Sphere_solid.uasset" 245
"../../../Engine/Plugins/Animation/ControlRig/Content/Controls/ControlRig_Sphere_solid.uexp" 246
"../../../Engine/Plugins/Animation/ControlRig/Content/Controls/ControlRig_Sphere_3mm.ubulk" 247
"../../../Engine/Plugins/Animation/ControlRig/Content/Controls/ControlRig_Sphere_3mm.uasset" 248
"../../../Engine/Plugins/Animation/ControlRig/Content/Controls/ControlRig_Sphere_3mm.uexp" 249
"../../../Engine/Plugins/Animation/ControlRig/Content/Controls/ControlRig_Sphere_1mm.ubulk" 250
"../../../Engine/Plugins/Animation/ControlRig/Content/Controls/ControlRig_Sphere_1mm.uasset" 251
"../../../Engine/Plugins/Animation/ControlRig/Content/Controls/ControlRig_Sphere_1mm.uexp" 252
"../../../Engine/Plugins/Animation/ControlRig/Content/Controls/ControlRig_RoundedTriangle_solid.ubulk" 253
"../../../Engine/Plugins/Animation/ControlRig/Content/Controls/ControlRig_RoundedTriangle_solid.uasset" 254
"../../../Engine/Plugins/Animation/ControlRig/Content/Controls/ControlRig_RoundedTriangle_solid.uexp" 255
"../../../Engine/Plugins/Animation/ControlRig/Content/Controls/ControlRig_RoundedTriangle_3mm.ubulk" 256
"../../../Engine/Plugins/Animation/ControlRig/Content/Controls/ControlRig_RoundedTriangle_3mm.uasset" 257
"../../../Engine/Plugins/Animation/ControlRig/Content/Controls/ControlRig_RoundedTriangle_3mm.uexp" 258
"../../../Engine/Plugins/Animation/ControlRig/Content/Controls/ControlRig_RoundedTriangle_1mm.ubulk" 259
"../../../Engine/Plugins/Animation/ControlRig/Content/Controls/ControlRig_RoundedTriangle_1mm.uasset" 260
"../../../Engine/Plugins/Animation/ControlRig/Content/Controls/ControlRig_RoundedTriangle_1mm.uexp" 261
"../../../Engine/Plugins/Animation/ControlRig/Content/Controls/ControlRig_RoundedSquare_solid.ubulk" 262
"../../../Engine/Plugins/Animation/ControlRig/Content/Controls/ControlRig_RoundedSquare_solid.uasset" 263
"../../../Engine/Plugins/Animation/ControlRig/Content/Controls/ControlRig_RoundedSquare_solid.uexp" 264
"../../../Engine/Plugins/Animation/ControlRig/Content/Controls/ControlRig_RoundedSquare_3mm.ubulk" 265
"../../../Engine/Plugins/Animation/ControlRig/Content/Controls/ControlRig_RoundedSquare_3mm.uasset" 266
"../../../Engine/Plugins/Animation/ControlRig/Content/Controls/ControlRig_RoundedSquare_3mm.uexp" 267
"../../../Engine/Plugins/Animation/ControlRig/Content/Controls/ControlRig_RoundedSquare_1mm.ubulk" 268
"../../../Engine/Plugins/Animation/ControlRig/Content/Controls/ControlRig_RoundedSquare_1mm.uasset" 269
"../../../Engine/Plugins/Animation/ControlRig/Content/Controls/ControlRig_RoundedSquare_1mm.uexp" 270
"../../../Engine/Plugins/Animation/ControlRig/Content/Controls/ControlRig_QuarterCircle_solid.ubulk" 271
"../../../Engine/Plugins/Animation/ControlRig/Content/Controls/ControlRig_QuarterCircle_solid.uasset" 272
"../../../Engine/Plugins/Animation/ControlRig/Content/Controls/ControlRig_QuarterCircle_solid.uexp" 273
"../../../Engine/Plugins/Animation/ControlRig/Content/Controls/ControlRig_QuarterCircle_3mm.ubulk" 274
"../../../Engine/Plugins/Animation/ControlRig/Content/Controls/ControlRig_QuarterCircle_3mm.uasset" 275
"../../../Engine/Plugins/Animation/ControlRig/Content/Controls/ControlRig_QuarterCircle_3mm.uexp" 276
"../../../Engine/Plugins/Animation/ControlRig/Content/Controls/ControlRig_QuarterCircle_1mm.ubulk" 277
"../../../Engine/Plugins/Animation/ControlRig/Content/Controls/ControlRig_QuarterCircle_1mm.uasset" 278
"../../../Engine/Plugins/Animation/ControlRig/Content/Controls/ControlRig_QuarterCircle_1mm.uexp" 279
"../../../Engine/Plugins/Animation/ControlRig/Content/Controls/ControlRig_Pyramid_solid.ubulk" 280
"../../../Engine/Plugins/Animation/ControlRig/Content/Controls/ControlRig_Pyramid_solid.uasset" 281
"../../../Engine/Plugins/Animation/ControlRig/Content/Controls/ControlRig_Pyramid_solid.uexp" 282
"../../../Engine/Plugins/Animation/ControlRig/Content/Controls/ControlRig_Pyramid_3mm.ubulk" 283
"../../../Engine/Plugins/Animation/ControlRig/Content/Controls/ControlRig_Pyramid_3mm.uasset" 284
"../../../Engine/Plugins/Animation/ControlRig/Content/Controls/ControlRig_Pyramid_3mm.uexp" 285
"../../../Engine/Plugins/Animation/ControlRig/Content/Controls/ControlRig_Pyramid_1mm.ubulk" 286
"../../../Engine/Plugins/Animation/ControlRig/Content/Controls/ControlRig_Pyramid_1mm.uasset" 287
"../../../Engine/Plugins/Animation/ControlRig/Content/Controls/ControlRig_Pyramid_1mm.uexp" 288
"../../../Engine/Plugins/Animation/ControlRig/Content/Controls/ControlRig_Octagon_solid.ubulk" 289
"../../../Engine/Plugins/Animation/ControlRig/Content/Controls/ControlRig_Octagon_solid.uasset" 290
"../../../Engine/Plugins/Animation/ControlRig/Content/Controls/ControlRig_Octagon_solid.uexp" 291
"../../../Engine/Plugins/Animation/ControlRig/Content/Controls/ControlRig_Octagon_3mm.ubulk" 292
"../../../Engine/Plugins/Animation/ControlRig/Content/Controls/ControlRig_Octagon_3mm.uasset" 293
"../../../Engine/Plugins/Animation/ControlRig/Content/Controls/ControlRig_Octagon_3mm.uexp" 294
"../../../Engine/Plugins/Animation/ControlRig/Content/Controls/ControlRig_Octagon_1mm.ubulk" 295
"../../../Engine/Plugins/Animation/ControlRig/Content/Controls/ControlRig_Octagon_1mm.uasset" 296
"../../../Engine/Plugins/Animation/ControlRig/Content/Controls/ControlRig_Octagon_1mm.uexp" 297
"../../../Engine/Plugins/Animation/ControlRig/Content/Controls/ControlRig_Hexagon_solid.ubulk" 298
"../../../Engine/Plugins/Animation/ControlRig/Content/Controls/ControlRig_Hexagon_solid.uasset" 299
"../../../Engine/Plugins/Animation/ControlRig/Content/Controls/ControlRig_Hexagon_solid.uexp" 300
"../../../Engine/Plugins/Animation/ControlRig/Content/Controls/ControlRig_Hexagon_3mm.ubulk" 301
"../../../Engine/Plugins/Animation/ControlRig/Content/Controls/ControlRig_Hexagon_3mm.uasset" 302
"../../../Engine/Plugins/Animation/ControlRig/Content/Controls/ControlRig_Hexagon_3mm.uexp" 303
"../../../Engine/Plugins/Animation/ControlRig/Content/Controls/ControlRig_Hexagon_1mm.ubulk" 304
"../../../Engine/Plugins/Animation/ControlRig/Content/Controls/ControlRig_Hexagon_1mm.uasset" 305
"../../../Engine/Plugins/Animation/ControlRig/Content/Controls/ControlRig_Hexagon_1mm.uexp" 306
"../../../Engine/Plugins/Animation/ControlRig/Content/Controls/ControlRig_HalfCircle_solid.ubulk" 307
"../../../Engine/Plugins/Animation/ControlRig/Content/Controls/ControlRig_HalfCircle_solid.uasset" 308
"../../../Engine/Plugins/Animation/ControlRig/Content/Controls/ControlRig_HalfCircle_solid.uexp" 309
"../../../Engine/Plugins/Animation/ControlRig/Content/Controls/ControlRig_HalfCircle_3mm.ubulk" 310
"../../../Engine/Plugins/Animation/ControlRig/Content/Controls/ControlRig_HalfCircle_3mm.uasset" 311
"../../../Engine/Plugins/Animation/ControlRig/Content/Controls/ControlRig_HalfCircle_3mm.uexp" 312
"../../../Engine/Plugins/Animation/ControlRig/Content/Controls/ControlRig_HalfCircle_1mm.ubulk" 313
"../../../Engine/Plugins/Animation/ControlRig/Content/Controls/ControlRig_HalfCircle_1mm.uasset" 314
"../../../Engine/Plugins/Animation/ControlRig/Content/Controls/ControlRig_HalfCircle_1mm.uexp" 315
"../../../Engine/Plugins/Animation/ControlRig/Content/Controls/ControlRig_Diamond_solid.ubulk" 316
"../../../Engine/Plugins/Animation/ControlRig/Content/Controls/ControlRig_Diamond_solid.uasset" 317
"../../../Engine/Plugins/Animation/ControlRig/Content/Controls/ControlRig_Diamond_solid.uexp" 318
"../../../Engine/Plugins/Animation/ControlRig/Content/Controls/ControlRig_Diamond_3mm.ubulk" 319
"../../../Engine/Plugins/Animation/ControlRig/Content/Controls/ControlRig_Diamond_3mm.uasset" 320
"../../../Engine/Plugins/Animation/ControlRig/Content/Controls/ControlRig_Diamond_3mm.uexp" 321
"../../../Engine/Plugins/Animation/ControlRig/Content/Controls/ControlRig_Diamond_1mm.ubulk" 322
"../../../Engine/Plugins/Animation/ControlRig/Content/Controls/ControlRig_Diamond_1mm.uasset" 323
"../../../Engine/Plugins/Animation/ControlRig/Content/Controls/ControlRig_Diamond_1mm.uexp" 324
"../../../Engine/Plugins/Animation/ControlRig/Content/Controls/ControlRig_Circle_solid.ubulk" 325
"../../../Engine/Plugins/Animation/ControlRig/Content/Controls/ControlRig_Circle_solid.uasset" 326
"../../../Engine/Plugins/Animation/ControlRig/Content/Controls/ControlRig_Circle_solid.uexp" 327
"../../../Engine/Plugins/Animation/ControlRig/Content/Controls/ControlRig_Circle_3mm.ubulk" 328
"../../../Engine/Plugins/Animation/ControlRig/Content/Controls/ControlRig_Circle_3mm.uasset" 329
"../../../Engine/Plugins/Animation/ControlRig/Content/Controls/ControlRig_Circle_3mm.uexp" 330
"../../../Engine/Plugins/Animation/ControlRig/Content/Controls/ControlRig_Circle_1mm.ubulk" 331
"../../../Engine/Plugins/Animation/ControlRig/Content/Controls/ControlRig_Circle_1mm.uasset" 332
"../../../Engine/Plugins/Animation/ControlRig/Content/Controls/ControlRig_Circle_1mm.uexp" 333
"../../../Engine/Plugins/Animation/ControlRig/Content/Controls/ControlRig_Box_solid.ubulk" 334
"../../../Engine/Plugins/Animation/ControlRig/Content/Controls/ControlRig_Box_solid.uasset" 335
"../../../Engine/Plugins/Animation/ControlRig/Content/Controls/ControlRig_Box_solid.uexp" 336
"../../../Engine/Plugins/Animation/ControlRig/Content/Controls/ControlRig_Box_3mm.ubulk" 337
"../../../Engine/Plugins/Animation/ControlRig/Content/Controls/ControlRig_Box_3mm.uasset" 338
"../../../Engine/Plugins/Animation/ControlRig/Content/Controls/ControlRig_Box_3mm.uexp" 339
"../../../Engine/Plugins/Animation/ControlRig/Content/Controls/ControlRig_Box_1mm.ubulk" 340
"../../../Engine/Plugins/Animation/ControlRig/Content/Controls/ControlRig_Box_1mm.uasset" 341
"../../../Engine/Plugins/Animation/ControlRig/Content/Controls/ControlRig_Box_1mm.uexp" 342
"../../../Engine/Plugins/Animation/ControlRig/Content/Controls/ControlRig_Arrow_solid.ubulk" 343
"../../../Engine/Plugins/Animation/ControlRig/Content/Controls/ControlRig_Arrow_solid.uasset" 344
"../../../Engine/Plugins/Animation/ControlRig/Content/Controls/ControlRig_Arrow_solid.uexp" 345
"../../../Engine/Plugins/Animation/ControlRig/Content/Controls/ControlRig_Arrow_3mm.ubulk" 346
"../../../Engine/Plugins/Animation/ControlRig/Content/Controls/ControlRig_Arrow_3mm.uasset" 347
"../../../Engine/Plugins/Animation/ControlRig/Content/Controls/ControlRig_Arrow_3mm.uexp" 348
"../../../Engine/Plugins/Animation/ControlRig/Content/Controls/ControlRig_Arrow_1mm.ubulk" 349
"../../../Engine/Plugins/Animation/ControlRig/Content/Controls/ControlRig_Arrow_1mm.uasset" 350
"../../../Engine/Plugins/Animation/ControlRig/Content/Controls/ControlRig_Arrow_1mm.uexp" 351
"../../../Engine/Plugins/Animation/ControlRig/Content/Controls/ControlRig_Arrow4_solid.ubulk" 352
"../../../Engine/Plugins/Animation/ControlRig/Content/Controls/ControlRig_Arrow4_solid.uasset" 353
"../../../Engine/Plugins/Animation/ControlRig/Content/Controls/ControlRig_Arrow4_solid.uexp" 354
"../../../Engine/Plugins/Animation/ControlRig/Content/Controls/ControlRig_Arrow4_3mm.ubulk" 355
"../../../Engine/Plugins/Animation/ControlRig/Content/Controls/ControlRig_Arrow4_3mm.uasset" 356
"../../../Engine/Plugins/Animation/ControlRig/Content/Controls/ControlRig_Arrow4_3mm.uexp" 357
"../../../Engine/Plugins/Animation/ControlRig/Content/Controls/ControlRig_Arrow4_1mm.ubulk" 358
"../../../Engine/Plugins/Animation/ControlRig/Content/Controls/ControlRig_Arrow4_1mm.uasset" 359
"../../../Engine/Plugins/Animation/ControlRig/Content/Controls/ControlRig_Arrow4_1mm.uexp" 360
"../../../Engine/Plugins/Animation/ControlRig/Content/Controls/ControlRig_Arrow2_solid.ubulk" 361
"../../../Engine/Plugins/Animation/ControlRig/Content/Controls/ControlRig_Arrow2_solid.uasset" 362
"../../../Engine/Plugins/Animation/ControlRig/Content/Controls/ControlRig_Arrow2_solid.uexp" 363
"../../../Engine/Plugins/Animation/ControlRig/Content/Controls/ControlRig_Arrow2_3mm.ubulk" 364
"../../../Engine/Plugins/Animation/ControlRig/Content/Controls/ControlRig_Arrow2_3mm.uasset" 365
"../../../Engine/Plugins/Animation/ControlRig/Content/Controls/ControlRig_Arrow2_3mm.uexp" 366
"../../../Engine/Plugins/Animation/ControlRig/Content/Controls/ControlRig_Arrow2_1mm.ubulk" 367
"../../../Engine/Plugins/Animation/ControlRig/Content/Controls/ControlRig_Arrow2_1mm.uasset" 368
"../../../Engine/Plugins/Animation/ControlRig/Content/Controls/ControlRig_Arrow2_1mm.uexp" 369
"../../../Engine/Plugins/Animation/ControlRig/Content/Controls/ControlRigXRayMaterial.uasset" 370
"../../../Engine/Plugins/Animation/ControlRig/Content/Controls/ControlRigXRayMaterial.uexp" 371
"../../../Engine/Plugins/Animation/ControlRig/Content/Controls/ControlRigGizmoMaterial.uasset" 372
"../../../Engine/Plugins/Animation/ControlRig/Content/Controls/ControlRigGizmoMaterial.uexp" 373
"../../../Engine/Content/EngineSounds/Master.uasset" 374
"../../../Engine/Content/EngineSounds/Master.uexp" 375
"../../../Engine/Content/EngineMaterials/RemoveSurfaceMaterial.uasset" 376
"../../../Engine/Content/EngineMaterials/RemoveSurfaceMaterial.uexp" 377
"../../../Engine/Content/EngineMaterials/DefaultCalibrationGrayscale.uasset" 378
"../../../Engine/Content/EngineMaterials/DefaultCalibrationGrayscale.uexp" 379
"../../../Engine/Content/EngineMaterials/PPM_DefaultCalibrationGrayscale.uasset" 380
"../../../Engine/Content/EngineMaterials/PPM_DefaultCalibrationGrayscale.uexp" 381
"../../../Engine/Content/EngineMaterials/DefaultCalibrationColor.uasset" 382
"../../../Engine/Content/EngineMaterials/DefaultCalibrationColor.uexp" 383
"../../../Engine/Content/EngineMaterials/PPM_DefaultCalibrationColor.uasset" 384
"../../../Engine/Content/EngineMaterials/PPM_DefaultCalibrationColor.uexp" 385
"../../../Engine/Content/EngineMaterials/PhAT_JointLimitMaterial.uasset" 386
"../../../Engine/Content/EngineMaterials/PhAT_JointLimitMaterial.uexp" 387
"../../../Engine/Content/EngineMaterials/NaniteHiddenSectionMaterial.uasset" 388
"../../../Engine/Content/EngineMaterials/NaniteHiddenSectionMaterial.uexp" 389
"../../../Engine/Content/EngineMaterials/InvalidLightmapSettings.ubulk" 390
"../../../Engine/Content/EngineMaterials/InvalidLightmapSettings.uasset" 391
"../../../Engine/Content/EngineMaterials/InvalidLightmapSettings.uexp" 392
"../../../Engine/Content/EngineMaterials/M_InvalidLightmapSettings.uasset" 393
"../../../Engine/Content/EngineMaterials/M_InvalidLightmapSettings.uexp" 394
"../../../Engine/Content/EngineMaterials/GizmoMaterial.uasset" 395
"../../../Engine/Content/EngineMaterials/GizmoMaterial.uexp" 396
"../../../Engine/Content/EngineMaterials/BaseFlattenEmissiveMap_VT.uasset" 397
"../../../Engine/Content/EngineMaterials/BaseFlattenEmissiveMap_VT.uexp" 398
"../../../Engine/Content/EngineMaterials/BaseFlattenGrayscaleMap_VT.uasset" 399
"../../../Engine/Content/EngineMaterials/BaseFlattenGrayscaleMap_VT.uexp" 400
"../../../Engine/Content/EngineMaterials/BaseFlattenLinearColor_VT.uasset" 401
"../../../Engine/Content/EngineMaterials/BaseFlattenLinearColor_VT.uexp" 402
"../../../Engine/Content/EngineMaterials/Black_1x1_EXR_Texture_VT.uasset" 403
"../../../Engine/Content/EngineMaterials/Black_1x1_EXR_Texture_VT.uexp" 404
"../../../Engine/Content/EngineMaterials/BaseFlattenDiffuseMap_VT.uasset" 405
"../../../Engine/Content/EngineMaterials/BaseFlattenDiffuseMap_VT.uexp" 406
"../../../Engine/Content/EngineMaterials/BaseFlattenNormalMap_VT.uasset" 407
"../../../Engine/Content/EngineMaterials/BaseFlattenNormalMap_VT.uexp" 408
"../../../Engine/Content/EngineMaterials/FlattenMaterial_WS_Normal_VT.uasset" 409
"../../../Engine/Content/EngineMaterials/FlattenMaterial_WS_Normal_VT.uexp" 410
"../../../Engine/Content/EngineMaterials/FlattenMaterial_VT.uasset" 411
"../../../Engine/Content/EngineMaterials/FlattenMaterial_VT.uexp" 412
"../../../Engine/Content/EngineMaterials/BaseFlattenNormalMap.uasset" 413
"../../../Engine/Content/EngineMaterials/BaseFlattenNormalMap.uexp" 414
"../../../Engine/Content/EngineMaterials/BaseFlattenGrayscaleMap.uasset" 415
"../../../Engine/Content/EngineMaterials/BaseFlattenGrayscaleMap.uexp" 416
"../../../Engine/Content/EngineMaterials/BaseFlattenDiffuseMap.uasset" 417
"../../../Engine/Content/EngineMaterials/BaseFlattenDiffuseMap.uexp" 418
"../../../Engine/Content/Functions/Engine_MaterialFunctions02/PivotPainter2/Black_1x1_EXR_Texture.uasset" 419
"../../../Engine/Content/Functions/Engine_MaterialFunctions02/PivotPainter2/Black_1x1_EXR_Texture.uexp" 420
"../../../Engine/Content/EngineMaterials/BaseFlattenEmissiveMap.uasset" 421
"../../../Engine/Content/EngineMaterials/BaseFlattenEmissiveMap.uexp" 422
"../../../Engine/Content/EngineMaterials/BaseFlattenLinearColor.uasset" 423
"../../../Engine/Content/EngineMaterials/BaseFlattenLinearColor.uexp" 424
"../../../Engine/Content/EngineMaterials/FlattenMaterial.uasset" 425
"../../../Engine/Content/EngineMaterials/FlattenMaterial.uexp" 426
"../../../Engine/Content/EngineMaterials/DefaultWhiteGrid_Low.uasset" 427
"../../../Engine/Content/EngineMaterials/DefaultWhiteGrid_Low.uexp" 428
"../../../Engine/Content/EngineMaterials/EmissiveMeshMaterial.uasset" 429
"../../../Engine/Content/EngineMaterials/EmissiveMeshMaterial.uexp" 430
"../../../Engine/Content/EngineFonts/RobotoDistanceField.uasset" 431
"../../../Engine/Content/EngineFonts/RobotoDistanceField.uexp" 432
"../../../Engine/Content/EngineMaterials/DefaultTextMaterialOpaque.uasset" 433
"../../../Engine/Content/EngineMaterials/DefaultTextMaterialOpaque.uexp" 434
"../../../Engine/Content/EngineMaterials/DefaultDiffuse.ubulk" 435
"../../../Engine/Content/EngineMaterials/DefaultDiffuse.uasset" 436
"../../../Engine/Content/EngineMaterials/DefaultDiffuse.uexp" 437
"../../../Engine/Content/Functions/Engine_MaterialFunctions02/Utility/BreakOutFloat2Components.uasset" 438
"../../../Engine/Content/Functions/Engine_MaterialFunctions02/Utility/BreakOutFloat2Components.uexp" 439
"../../../Engine/Content/EngineMaterials/DefaultPostProcessMaterial.uasset" 440
"../../../Engine/Content/EngineMaterials/DefaultPostProcessMaterial.uexp" 441
"../../../Engine/Content/EngineMaterials/DefaultPhysicalMaterial.uasset" 442
"../../../Engine/Content/EngineMaterials/DefaultPhysicalMaterial.uexp" 443
"../../../Engine/Content/EngineMaterials/DefaultLightFunctionMaterial.uasset" 444
"../../../Engine/Content/EngineMaterials/DefaultLightFunctionMaterial.uexp" 445
"../../../Engine/Content/EngineMaterials/DefaultDestructiblePhysicalMaterial.uasset" 446
"../../../Engine/Content/EngineMaterials/DefaultDestructiblePhysicalMaterial.uexp" 447
"../../../Engine/Content/EngineMaterials/DefaultDeferredDecalMaterial.uasset" 448
"../../../Engine/Content/EngineMaterials/DefaultDeferredDecalMaterial.uexp" 449
"../../../Engine/Content/EngineMaterials/DefaultBloomKernel.uasset" 450
"../../../Engine/Content/EngineMaterials/DefaultBloomKernel.uexp" 451
"../../../Engine/Content/EngineFonts/Faces/RobotoLight.uexp" 452
"../../../Engine/Content/EngineFonts/Faces/RobotoLight.uasset" 453
"../../../Engine/Content/EngineFonts/Faces/RobotoLight.ufont" 454
"../../../Engine/Content/EngineFonts/Faces/RobotoBold.uexp" 455
"../../../Engine/Content/EngineFonts/Faces/RobotoBold.uasset" 456
"../../../Engine/Content/EngineFonts/Faces/RobotoBold.ufont" 457
"../../../Engine/Content/EngineFonts/Faces/RobotoRegular.uexp" 458
"../../../Engine/Content/EngineFonts/Faces/RobotoRegular.uasset" 459
"../../../Engine/Content/EngineFonts/Faces/RobotoRegular.ufont" 460
"../../../Engine/Content/EngineFonts/Faces/DroidSansFallback.uexp" 461
"../../../Engine/Content/EngineFonts/Faces/DroidSansFallback.uasset" 462
"../../../Engine/Content/EngineFonts/Faces/DroidSansFallback.ufont" 463
"../../../Engine/Content/EngineFonts/Faces/RobotoItalic.uexp" 464
"../../../Engine/Content/EngineFonts/Faces/RobotoItalic.uasset" 465
"../../../Engine/Content/EngineFonts/Faces/RobotoItalic.ufont" 466
"../../../Engine/Content/EngineFonts/Faces/RobotoBoldItalic.uexp" 467
"../../../Engine/Content/EngineFonts/Faces/RobotoBoldItalic.uasset" 468
"../../../Engine/Content/EngineFonts/Faces/RobotoBoldItalic.ufont" 469
"../../../Engine/Content/EngineFonts/Roboto.uasset" 470
"../../../Engine/Content/EngineFonts/Roboto.uexp" 471
"../../../Engine/Content/Functions/Engine_MaterialFunctions02/Utility/CameraDirectionVector.uasset" 472
"../../../Engine/Content/Functions/Engine_MaterialFunctions02/Utility/CameraDirectionVector.uexp" 473
"../../../Engine/Content/EngineDebugMaterials/VolumeToRender.uasset" 474
"../../../Engine/Content/EngineDebugMaterials/VolumeToRender.uexp" 475
"../../../Engine/Content/EngineDebugMaterials/M_VolumeRenderSphereTracePP.uasset" 476
"../../../Engine/Content/EngineDebugMaterials/M_VolumeRenderSphereTracePP.uexp" 477
"../../../Engine/Content/EngineDebugMaterials/M_SimpleUnlitTranslucent.uasset" 478
"../../../Engine/Content/EngineDebugMaterials/M_SimpleUnlitTranslucent.uexp" 479
"../../../Engine/Content/EngineDebugMaterials/DebugMeshMaterial.uasset" 480
"../../../Engine/Content/EngineDebugMaterials/DebugMeshMaterial.uexp" 481
"../../../Engine/Content/EngineDebugMaterials/DebugEditorMaterial.uasset" 482
"../../../Engine/Content/EngineDebugMaterials/DebugEditorMaterial.uexp" 483
"../../../Engine/Content/EngineDamageTypes/DmgTypeBP_Environmental.uasset" 484
"../../../Engine/Content/EngineDamageTypes/DmgTypeBP_Environmental.uexp" 485
"../../../Engine/Content/EditorResources/S_Terrain.ubulk" 486
"../../../Engine/Content/EditorResources/S_Terrain.uasset" 487
"../../../Engine/Content/EditorResources/S_Terrain.uexp" 488
"../../../Engine/Content/EditorResources/EmptyActor.uasset" 489
"../../../Engine/Content/EditorResources/EmptyActor.uexp" 490
"../../../Engine/Content/EditorResources/BSPVertex.uasset" 491
"../../../Engine/Content/EditorResources/BSPVertex.uexp" 492
"../../../Engine/Content/EditorMaterials/PreviewShadowIndicator.ubulk" 493
"../../../Engine/Content/EditorMaterials/PreviewShadowIndicator.uasset" 494
"../../../Engine/Content/EditorMaterials/PreviewShadowIndicator.uexp" 495
"../../../Engine/Content/EditorMaterials/PreviewShadowIndicatorMaterial.uasset" 496
"../../../Engine/Content/EditorMaterials/PreviewShadowIndicatorMaterial.uexp" 497
"../../../Engine/Content/EditorMaterials/PhAT_UnselectedMaterial.uasset" 498
"../../../Engine/Content/EditorMaterials/PhAT_UnselectedMaterial.uexp" 499
"../../../Engine/Content/EditorMaterials/PhAT_NoCollisionMaterial.uasset" 500
"../../../Engine/Content/EditorMaterials/PhAT_NoCollisionMaterial.uexp" 501
"../../../Engine/Content/EngineMaterials/DefaultMaterial.uasset" 502
"../../../Engine/Content/EngineMaterials/DefaultMaterial.uexp" 503
"../../../Engine/Content/BasicShapes/Sphere.ubulk" 504
"../../../Engine/Content/BasicShapes/Sphere.uasset" 505
"../../../Engine/Content/BasicShapes/Sphere.uexp" 506
"../../../Engine/Content/BasicShapes/Plane.ubulk" 507
"../../../Engine/Content/BasicShapes/Plane.uasset" 508
"../../../Engine/Content/BasicShapes/Plane.uexp" 509
"../../../Engine/Content/BasicShapes/Cylinder.ubulk" 510
"../../../Engine/Content/BasicShapes/Cylinder.uasset" 511
"../../../Engine/Content/BasicShapes/Cylinder.uexp" 512
"../../../Engine/Content/BasicShapes/Cube.ubulk" 513
"../../../Engine/Content/BasicShapes/Cube.uasset" 514
"../../../Engine/Content/BasicShapes/Cube.uexp" 515
"../../../Engine/Content/BasicShapes/Cone.ubulk" 516
"../../../Engine/Content/BasicShapes/Cone.uasset" 517
"../../../Engine/Content/BasicShapes/Cone.uexp" 518
"D:/Unreal/ConsoleRift/Content/Blueprints/QuickTimeEvents/W_QTE.uasset" 519
"D:/Unreal/ConsoleRift/Content/Blueprints/QuickTimeEvents/W_QTE.uexp" 520
"D:/Unreal/ConsoleRift/Content/Blueprints/Input/InputActions/IA_Look.uasset" 521
"D:/Unreal/ConsoleRift/Content/Blueprints/Input/InputActions/IA_Look.uexp" 522
"D:/Unreal/ConsoleRift/Content/Blueprints/Input/InputActions/IA_Move.uasset" 523
"D:/Unreal/ConsoleRift/Content/Blueprints/Input/InputActions/IA_Move.uexp" 524
"D:/Unreal/ConsoleRift/Content/Blueprints/Input/InputActions/IA_Jump.uasset" 525
"D:/Unreal/ConsoleRift/Content/Blueprints/Input/InputActions/IA_Jump.uexp" 526
"D:/Unreal/ConsoleRift/Content/Blueprints/Input/InputActions/IA_Crouch.uasset" 527
"D:/Unreal/ConsoleRift/Content/Blueprints/Input/InputActions/IA_Crouch.uexp" 528
"D:/Unreal/ConsoleRift/Content/Blueprints/Input/IMC_Player.uasset" 529
"D:/Unreal/ConsoleRift/Content/Blueprints/Input/IMC_Player.uexp" 530
"D:/Unreal/ConsoleRift/Content/Blueprints/QuickTimeEvents/S_EventWidgetPosition.uasset" 531
"D:/Unreal/ConsoleRift/Content/Blueprints/QuickTimeEvents/S_EventWidgetPosition.uexp" 532
"D:/Unreal/ConsoleRift/Content/Blueprints/Events/Event_JumpScale/Scale_RIg_PhysicsAsset.uasset" 533
"D:/Unreal/ConsoleRift/Content/Blueprints/Events/Event_JumpScale/Scale_RIg_PhysicsAsset.uexp" 534
"D:/Unreal/ConsoleRift/Content/Blueprints/Events/Event_JumpScale/Scale_RIg_Skeleton.uasset" 535
"D:/Unreal/ConsoleRift/Content/Blueprints/Events/Event_JumpScale/Scale_RIg_Skeleton.uexp" 536
"D:/Unreal/ConsoleRift/Content/Import/Textrues/Scale_Rig/L_Sacle_Rig_Normal.ubulk" 537
"D:/Unreal/ConsoleRift/Content/Import/Textrues/Scale_Rig/L_Sacle_Rig_Normal.uasset" 538
"D:/Unreal/ConsoleRift/Content/Import/Textrues/Scale_Rig/L_Sacle_Rig_Normal.uexp" 539
"D:/Unreal/ConsoleRift/Content/Import/Textrues/Scale_Rig/L_Sacle_Rig_BaseColor.ubulk" 540
"D:/Unreal/ConsoleRift/Content/Import/Textrues/Scale_Rig/L_Sacle_Rig_BaseColor.uasset" 541
"D:/Unreal/ConsoleRift/Content/Import/Textrues/Scale_Rig/L_Sacle_Rig_BaseColor.uexp" 542
"D:/Unreal/ConsoleRift/Content/Import/Textrues/Scale_Rig/L_Sacle_Rig_OcclusionRoughnessMetallic.ubulk" 543
"D:/Unreal/ConsoleRift/Content/Import/Textrues/Scale_Rig/L_Sacle_Rig_OcclusionRoughnessMetallic.uasset" 544
"D:/Unreal/ConsoleRift/Content/Import/Textrues/Scale_Rig/L_Sacle_Rig_OcclusionRoughnessMetallic.uexp" 545
"D:/Unreal/ConsoleRift/Content/Import/Material/Scale_Rig.uasset" 546
"D:/Unreal/ConsoleRift/Content/Import/Material/Scale_Rig.uexp" 547
"D:/Unreal/ConsoleRift/Content/Blueprints/Events/Event_JumpScale/Scale_RIg.uasset" 548
"D:/Unreal/ConsoleRift/Content/Blueprints/Events/Event_JumpScale/Scale_RIg.uexp" 549
"../../../Engine/Content/Animation/DefaultAnimCurveCompressionSettings.uasset" 550
"../../../Engine/Content/Animation/DefaultAnimCurveCompressionSettings.uexp" 551
"../../../Engine/Content/Animation/DefaultRecorderBoneCompression.uasset" 552
"../../../Engine/Content/Animation/DefaultRecorderBoneCompression.uexp" 553
"D:/Unreal/ConsoleRift/Content/Blueprints/Animations/Scale_Jump.uasset" 554
"D:/Unreal/ConsoleRift/Content/Blueprints/Animations/Scale_Jump.uexp" 555
"D:/Unreal/ConsoleRift/Content/Blueprints/Events/Event_JumpScale/ABP_Scale.uasset" 556
"D:/Unreal/ConsoleRift/Content/Blueprints/Events/Event_JumpScale/ABP_Scale.uexp" 557
"D:/Unreal/ConsoleRift/Content/Blueprints/Events/Event_JumpScale/BP_Scale.uasset" 558
"D:/Unreal/ConsoleRift/Content/Blueprints/Events/Event_JumpScale/BP_Scale.uexp" 559
"D:/Unreal/ConsoleRift/Content/Blueprints/Animations/AM_Scale.uasset" 560
"D:/Unreal/ConsoleRift/Content/Blueprints/Animations/AM_Scale.uexp" 561
"D:/Unreal/ConsoleRift/Content/Blueprints/QuickTimeEvents/W_Main.uasset" 562
"D:/Unreal/ConsoleRift/Content/Blueprints/QuickTimeEvents/W_Main.uexp" 563
"D:/Unreal/ConsoleRift/Content/Blueprints/QuickTimeEvents/S_CameraTransition.uasset" 564
"D:/Unreal/ConsoleRift/Content/Blueprints/QuickTimeEvents/S_CameraTransition.uexp" 565
"D:/Unreal/ConsoleRift/Content/Blueprints/Character/Other/Y_Bot_Skeleton.uasset" 566
"D:/Unreal/ConsoleRift/Content/Blueprints/Character/Other/Y_Bot_Skeleton.uexp" 567
"../../../Engine/Content/Animation/DefaultAnimBoneCompressionSettings.uasset" 568
"../../../Engine/Content/Animation/DefaultAnimBoneCompressionSettings.uexp" 569
"D:/Unreal/ConsoleRift/Content/Blueprints/Character/Animations/Walking.uasset" 570
"D:/Unreal/ConsoleRift/Content/Blueprints/Character/Animations/Walking.uexp" 571
"../../../Engine/Plugins/Animation/ControlRig/Content/Controls/DefaultGizmoLibraryNormalized.uasset" 572
"../../../Engine/Plugins/Animation/ControlRig/Content/Controls/DefaultGizmoLibraryNormalized.uexp" 573
"D:/Unreal/ConsoleRift/Content/Blueprints/Character/Rigs/CR_ConsoleFootIk.uasset" 574
"D:/Unreal/ConsoleRift/Content/Blueprints/Character/Rigs/CR_ConsoleFootIk.uexp" 575
"D:/Unreal/ConsoleRift/Content/Blueprints/Character/Animations/Jumping_Up.uasset" 576
"D:/Unreal/ConsoleRift/Content/Blueprints/Character/Animations/Jumping_Up.uexp" 577
"D:/Unreal/ConsoleRift/Content/Blueprints/Character/Animations/Crouching_Idle.uasset" 578
"D:/Unreal/ConsoleRift/Content/Blueprints/Character/Animations/Crouching_Idle.uexp" 579
"D:/Unreal/ConsoleRift/Content/Blueprints/Character/Animations/Falling_To_Landing.uasset" 580
"D:/Unreal/ConsoleRift/Content/Blueprints/Character/Animations/Falling_To_Landing.uexp" 581
"D:/Unreal/ConsoleRift/Content/Blueprints/Character/Animations/Idle.uasset" 582
"D:/Unreal/ConsoleRift/Content/Blueprints/Character/Animations/Idle.uexp" 583
"D:/Unreal/ConsoleRift/Content/Blueprints/Character/Animations/Falling_Idle.uasset" 584
"D:/Unreal/ConsoleRift/Content/Blueprints/Character/Animations/Falling_Idle.uexp" 585
"D:/Unreal/ConsoleRift/Content/Blueprints/Character/Animations/Crouch_Walk_Forward.uasset" 586
"D:/Unreal/ConsoleRift/Content/Blueprints/Character/Animations/Crouch_Walk_Forward.uexp" 587
"D:/Unreal/ConsoleRift/Content/Blueprints/Character/Animations/WallSlide.uasset" 588
"D:/Unreal/ConsoleRift/Content/Blueprints/Character/Animations/WallSlide.uexp" 589
"D:/Unreal/ConsoleRift/Content/Blueprints/Character/ABP_ConsoleCharacter.uasset" 590
"D:/Unreal/ConsoleRift/Content/Blueprints/Character/ABP_ConsoleCharacter.uexp" 591
"D:/Unreal/ConsoleRift/Content/Blueprints/Events/Event_JumpScale/BP_JumpCamera.uasset" 592
"D:/Unreal/ConsoleRift/Content/Blueprints/Events/Event_JumpScale/BP_JumpCamera.uexp" 593
"D:/Unreal/ConsoleRift/Content/Blueprints/Events/Event_JumpScale/LS_Scale.uasset" 594
"D:/Unreal/ConsoleRift/Content/Blueprints/Events/Event_JumpScale/LS_Scale.uexp" 595
"D:/Unreal/ConsoleRift/Content/Blueprints/Input/InputActions/IA_Dodge.uasset" 596
"D:/Unreal/ConsoleRift/Content/Blueprints/Input/InputActions/IA_Dodge.uexp" 597
"D:/Unreal/ConsoleRift/Content/Import/L1_00/L1_00_Low_Self_Hole_Fill.ubulk" 598
"D:/Unreal/ConsoleRift/Content/Import/L1_00/L1_00_Low_Self_Hole_Fill.uasset" 599
"D:/Unreal/ConsoleRift/Content/Import/L1_00/L1_00_Low_Self_Hole_Fill.uexp" 600
"D:/Unreal/ConsoleRift/Content/Import/Textrues/TV_Self_Hole/L_Self_Hole_OcclusionRoughnessMetallic.ubulk" 601
"D:/Unreal/ConsoleRift/Content/Import/Textrues/TV_Self_Hole/L_Self_Hole_OcclusionRoughnessMetallic.uasset" 602
"D:/Unreal/ConsoleRift/Content/Import/Textrues/TV_Self_Hole/L_Self_Hole_OcclusionRoughnessMetallic.uexp" 603
"D:/Unreal/ConsoleRift/Content/Import/Textrues/TV_Self_Hole/L_Self_Hole_BaseColor.ubulk" 604
"D:/Unreal/ConsoleRift/Content/Import/Textrues/TV_Self_Hole/L_Self_Hole_BaseColor.uasset" 605
"D:/Unreal/ConsoleRift/Content/Import/Textrues/TV_Self_Hole/L_Self_Hole_BaseColor.uexp" 606
"D:/Unreal/ConsoleRift/Content/Import/Textrues/TV_Self_Hole/L_Self_Hole_Normal.ubulk" 607
"D:/Unreal/ConsoleRift/Content/Import/Textrues/TV_Self_Hole/L_Self_Hole_Normal.uasset" 608
"D:/Unreal/ConsoleRift/Content/Import/Textrues/TV_Self_Hole/L_Self_Hole_Normal.uexp" 609
"D:/Unreal/ConsoleRift/Content/Import/Material/Self_Hole.uasset" 610
"D:/Unreal/ConsoleRift/Content/Import/Material/Self_Hole.uexp" 611
"D:/Unreal/ConsoleRift/Content/Blueprints/Events/Event_PullBlock/BP_HoleBlock.uasset" 612
"D:/Unreal/ConsoleRift/Content/Blueprints/Events/Event_PullBlock/BP_HoleBlock.uexp" 613
"D:/Unreal/ConsoleRift/Content/Blueprints/Character/Materials/Alpha_Body_MAT.uasset" 614
"D:/Unreal/ConsoleRift/Content/Blueprints/Character/Materials/Alpha_Body_MAT.uexp" 615
"D:/Unreal/ConsoleRift/Content/Blueprints/Character/Other/Y_Bot_PhysicsAsset.uasset" 616
"D:/Unreal/ConsoleRift/Content/Blueprints/Character/Other/Y_Bot_PhysicsAsset.uexp" 617
"D:/Unreal/ConsoleRift/Content/Blueprints/Character/Materials/Alpha_Joints_MAT.uasset" 618
"D:/Unreal/ConsoleRift/Content/Blueprints/Character/Materials/Alpha_Joints_MAT.uexp" 619
"D:/Unreal/ConsoleRift/Content/Blueprints/Character/Other/Y_Bot.uasset" 620
"D:/Unreal/ConsoleRift/Content/Blueprints/Character/Other/Y_Bot.uexp" 621
"D:/Unreal/ConsoleRift/Content/Blueprints/Character/Animations/Events/Pull_Heavy_Object.uasset" 622
"D:/Unreal/ConsoleRift/Content/Blueprints/Character/Animations/Events/Pull_Heavy_Object.uexp" 623
"D:/Unreal/ConsoleRift/Content/Blueprints/Character/Animations/Events/AM_Pull.uasset" 624
"D:/Unreal/ConsoleRift/Content/Blueprints/Character/Animations/Events/AM_Pull.uexp" 625
"D:/Unreal/ConsoleRift/Content/Blueprints/QuickTimeEvents/E_EventState.uasset" 626
"D:/Unreal/ConsoleRift/Content/Blueprints/QuickTimeEvents/E_EventState.uexp" 627
"D:/Unreal/ConsoleRift/Content/Blueprints/QuickTimeEvents/S_EventInfo.uasset" 628
"D:/Unreal/ConsoleRift/Content/Blueprints/QuickTimeEvents/S_EventInfo.uexp" 629
"../../../Engine/Content/EditorBlueprintResources/StandardMacros.uasset" 630
"../../../Engine/Content/EditorBlueprintResources/StandardMacros.uexp" 631
"D:/Unreal/ConsoleRift/Content/Blueprints/Character/BP_ConsoleCharacter.uasset" 632
"D:/Unreal/ConsoleRift/Content/Blueprints/Character/BP_ConsoleCharacter.uexp" 633
"D:/Unreal/ConsoleRift/Content/Blueprints/GameMode/BP_GameModeBase.uasset" 634
"D:/Unreal/ConsoleRift/Content/Blueprints/GameMode/BP_GameModeBase.uexp" 635
"../../../Engine/Content/MobileResources/HUD/VirtualJoystick_Background.uasset" 636
"../../../Engine/Content/MobileResources/HUD/VirtualJoystick_Background.uexp" 637
"../../../Engine/Content/MobileResources/HUD/VirtualJoystick_Thumb.uasset" 638
"../../../Engine/Content/MobileResources/HUD/VirtualJoystick_Thumb.uexp" 639
"../../../Engine/Content/MobileResources/HUD/DefaultVirtualJoysticks.uasset" 640
"../../../Engine/Content/MobileResources/HUD/DefaultVirtualJoysticks.uexp" 641
"../../../Engine/Content/EngineSky/VolumetricClouds/CloudWeatherTexture.uasset" 642
"../../../Engine/Content/EngineSky/VolumetricClouds/CloudWeatherTexture.uexp" 643
"../../../Engine/Content/Functions/Engine_MaterialFunctions02/Utility/MakeFloat2.uasset" 644
"../../../Engine/Content/Functions/Engine_MaterialFunctions02/Utility/MakeFloat2.uexp" 645
"../../../Engine/Content/EngineSky/VolumetricClouds/CloudGradientTexture.uasset" 646
"../../../Engine/Content/EngineSky/VolumetricClouds/CloudGradientTexture.uexp" 647
"../../../Engine/Content/EngineSky/VolumetricClouds/T_NoiseShape64.ubulk" 648
"../../../Engine/Content/EngineSky/VolumetricClouds/T_NoiseShape64.uasset" 649
"../../../Engine/Content/EngineSky/VolumetricClouds/T_NoiseShape64.uexp" 650
"../../../Engine/Content/EngineSky/VolumetricClouds/T_VolumeNoiseShape64.uasset" 651
"../../../Engine/Content/EngineSky/VolumetricClouds/T_VolumeNoiseShape64.uexp" 652
"../../../Engine/Content/EngineSky/VolumetricClouds/T_NoiseErosion.ubulk" 653
"../../../Engine/Content/EngineSky/VolumetricClouds/T_NoiseErosion.uasset" 654
"../../../Engine/Content/EngineSky/VolumetricClouds/T_NoiseErosion.uexp" 655
"../../../Engine/Content/EngineSky/VolumetricClouds/T_VolumeNoiseErosion32.uasset" 656
"../../../Engine/Content/EngineSky/VolumetricClouds/T_VolumeNoiseErosion32.uexp" 657
"../../../Engine/Content/EngineSky/VolumetricClouds/m_SimpleVolumetricCloud.uasset" 658
"../../../Engine/Content/EngineSky/VolumetricClouds/m_SimpleVolumetricCloud.uexp" 659
"../../../Engine/Content/EngineSky/VolumetricClouds/m_SimpleVolumetricCloud_Inst.uasset" 660
"../../../Engine/Content/EngineSky/VolumetricClouds/m_SimpleVolumetricCloud_Inst.uexp" 661
"../../../Engine/Content/EngineResources/FilmGrains/Marcie_Grain_v3_128_M2_000.uasset" 662
"../../../Engine/Content/EngineResources/FilmGrains/Marcie_Grain_v3_128_M2_000.uexp" 663
"../../../Engine/Content/EditorResources/SequenceRecorder/RecordingIndicator.uasset" 664
"../../../Engine/Content/EditorResources/SequenceRecorder/RecordingIndicator.uexp" 665
"../../../Engine/Content/EditorResources/SequenceRecorder/Countdown.uasset" 666
"../../../Engine/Content/EditorResources/SequenceRecorder/Countdown.uexp" 667
"../../../Engine/Content/Functions/Engine_MaterialFunctions01/Shading/PowerToRoughness.uasset" 668
"../../../Engine/Content/Functions/Engine_MaterialFunctions01/Shading/PowerToRoughness.uexp" 669
"../../../Engine/Content/Functions/Engine_MaterialFunctions01/Shading/ConvertFromDiffSpec.uasset" 670
"../../../Engine/Content/Functions/Engine_MaterialFunctions01/Shading/ConvertFromDiffSpec.uexp" 671
"../../../Engine/Content/Maps/Entry_BuiltData.uasset" 672
"../../../Engine/Content/Maps/Entry_BuiltData.uexp" 673
"../../../Engine/Content/Maps/Entry.uexp" 674
"../../../Engine/Content/Maps/Entry.umap" 675
"D:/Unreal/ConsoleRift/Content/Import/L2_01/L1_01_L_Speakers_04.ubulk" 676
"D:/Unreal/ConsoleRift/Content/Import/L2_01/L1_01_L_Speakers_04.uasset" 677
"D:/Unreal/ConsoleRift/Content/Import/L2_01/L1_01_L_Speakers_04.uexp" 678
"D:/Unreal/ConsoleRift/Content/Import/L1_00/L1_00_Low_Tv_Self_Glass_04.ubulk" 679
"D:/Unreal/ConsoleRift/Content/Import/L1_00/L1_00_Low_Tv_Self_Glass_04.uasset" 680
"D:/Unreal/ConsoleRift/Content/Import/L1_00/L1_00_Low_Tv_Self_Glass_04.uexp" 681
"D:/Unreal/ConsoleRift/Content/Import/L1_00/L1_00_Low_Tv_Self_02_main.ubulk" 682
"D:/Unreal/ConsoleRift/Content/Import/L1_00/L1_00_Low_Tv_Self_02_main.uasset" 683
"D:/Unreal/ConsoleRift/Content/Import/L1_00/L1_00_Low_Tv_Self_02_main.uexp" 684
"D:/Unreal/ConsoleRift/Content/Import/L2_01/L1_01_Low_TvStand_Sides_Frame.ubulk" 685
"D:/Unreal/ConsoleRift/Content/Import/L2_01/L1_01_Low_TvStand_Sides_Frame.uasset" 686
"D:/Unreal/ConsoleRift/Content/Import/L2_01/L1_01_Low_TvStand_Sides_Frame.uexp" 687
"D:/Unreal/ConsoleRift/Content/Import/Textrues/Scale_Large_Steel/L_Scale_Large_Steel_BaseColor.ubulk" 688
"D:/Unreal/ConsoleRift/Content/Import/Textrues/Scale_Large_Steel/L_Scale_Large_Steel_BaseColor.uasset" 689
"D:/Unreal/ConsoleRift/Content/Import/Textrues/Scale_Large_Steel/L_Scale_Large_Steel_BaseColor.uexp" 690
"D:/Unreal/ConsoleRift/Content/Import/Textrues/Scale_Large_Steel/L_Scale_Large_Steel_OcclusionRoughnessMetallic.ubulk" 691
"D:/Unreal/ConsoleRift/Content/Import/Textrues/Scale_Large_Steel/L_Scale_Large_Steel_OcclusionRoughnessMetallic.uasset" 692
"D:/Unreal/ConsoleRift/Content/Import/Textrues/Scale_Large_Steel/L_Scale_Large_Steel_OcclusionRoughnessMetallic.uexp" 693
"D:/Unreal/ConsoleRift/Content/Import/Textrues/Scale_Large_Steel/L_Scale_Large_Steel_Normal.ubulk" 694
"D:/Unreal/ConsoleRift/Content/Import/Textrues/Scale_Large_Steel/L_Scale_Large_Steel_Normal.uasset" 695
"D:/Unreal/ConsoleRift/Content/Import/Textrues/Scale_Large_Steel/L_Scale_Large_Steel_Normal.uexp" 696
"D:/Unreal/ConsoleRift/Content/Import/Material/Scale_Large_Steel.uasset" 697
"D:/Unreal/ConsoleRift/Content/Import/Material/Scale_Large_Steel.uexp" 698
"D:/Unreal/ConsoleRift/Content/Import/Self_Hole.uasset" 699
"D:/Unreal/ConsoleRift/Content/Import/Self_Hole.uexp" 700
"D:/Unreal/ConsoleRift/Content/Import/Re-Self_polySurface8.ubulk" 701
"D:/Unreal/ConsoleRift/Content/Import/Re-Self_polySurface8.uasset" 702
"D:/Unreal/ConsoleRift/Content/Import/Re-Self_polySurface8.uexp" 703
"D:/Unreal/ConsoleRift/Content/Import/Textrues/VCR_04/L_01_VCR_04_Normal.ubulk" 704
"D:/Unreal/ConsoleRift/Content/Import/Textrues/VCR_04/L_01_VCR_04_Normal.uasset" 705
"D:/Unreal/ConsoleRift/Content/Import/Textrues/VCR_04/L_01_VCR_04_Normal.uexp" 706
"D:/Unreal/ConsoleRift/Content/Import/Textrues/VCR_04/L_01_VCR_04_OcclusionRoughnessMetallic.ubulk" 707
"D:/Unreal/ConsoleRift/Content/Import/Textrues/VCR_04/L_01_VCR_04_OcclusionRoughnessMetallic.uasset" 708
"D:/Unreal/ConsoleRift/Content/Import/Textrues/VCR_04/L_01_VCR_04_OcclusionRoughnessMetallic.uexp" 709
"D:/Unreal/ConsoleRift/Content/Import/Textrues/VCR_04/L_01_VCR_04_BaseColor.ubulk" 710
"D:/Unreal/ConsoleRift/Content/Import/Textrues/VCR_04/L_01_VCR_04_BaseColor.uasset" 711
"D:/Unreal/ConsoleRift/Content/Import/Textrues/VCR_04/L_01_VCR_04_BaseColor.uexp" 712
"D:/Unreal/ConsoleRift/Content/Import/Material/VCR_04.uasset" 713
"D:/Unreal/ConsoleRift/Content/Import/Material/VCR_04.uexp" 714
"D:/Unreal/ConsoleRift/Content/Import/L1_00/L1_00_Low_Tv_Self_Drawer_01.ubulk" 715
"D:/Unreal/ConsoleRift/Content/Import/L1_00/L1_00_Low_Tv_Self_Drawer_01.uasset" 716
"D:/Unreal/ConsoleRift/Content/Import/L1_00/L1_00_Low_Tv_Self_Drawer_01.uexp" 717
"D:/Unreal/ConsoleRift/Content/Import/L2_01/L1_01_Bean_Bag_02.ubulk" 718
"D:/Unreal/ConsoleRift/Content/Import/L2_01/L1_01_Bean_Bag_02.uasset" 719
"D:/Unreal/ConsoleRift/Content/Import/L2_01/L1_01_Bean_Bag_02.uexp" 720
"D:/Unreal/ConsoleRift/Content/Import/L2_01/L1_01_Low_TvStand_Top.ubulk" 721
"D:/Unreal/ConsoleRift/Content/Import/L2_01/L1_01_Low_TvStand_Top.uasset" 722
"D:/Unreal/ConsoleRift/Content/Import/L2_01/L1_01_Low_TvStand_Top.uexp" 723
"D:/Unreal/ConsoleRift/Content/Import/Textrues/Big_Self/L_Big_Self_OcclusionRoughnessMetallic.ubulk" 724
"D:/Unreal/ConsoleRift/Content/Import/Textrues/Big_Self/L_Big_Self_OcclusionRoughnessMetallic.uasset" 725
"D:/Unreal/ConsoleRift/Content/Import/Textrues/Big_Self/L_Big_Self_OcclusionRoughnessMetallic.uexp" 726
"D:/Unreal/ConsoleRift/Content/Import/Textrues/Big_Self/L_Big_Self_BaseColor.ubulk" 727
"D:/Unreal/ConsoleRift/Content/Import/Textrues/Big_Self/L_Big_Self_BaseColor.uasset" 728
"D:/Unreal/ConsoleRift/Content/Import/Textrues/Big_Self/L_Big_Self_BaseColor.uexp" 729
"D:/Unreal/ConsoleRift/Content/Import/Textrues/Big_Self/L_Big_Self_Normal.ubulk" 730
"D:/Unreal/ConsoleRift/Content/Import/Textrues/Big_Self/L_Big_Self_Normal.uasset" 731
"D:/Unreal/ConsoleRift/Content/Import/Textrues/Big_Self/L_Big_Self_Normal.uexp" 732
"D:/Unreal/ConsoleRift/Content/Import/Material/Big_Self.uasset" 733
"D:/Unreal/ConsoleRift/Content/Import/Material/Big_Self.uexp" 734
"D:/Unreal/ConsoleRift/Content/Import/Re-Self_polySurface6.ubulk" 735
"D:/Unreal/ConsoleRift/Content/Import/Re-Self_polySurface6.uasset" 736
"D:/Unreal/ConsoleRift/Content/Import/Re-Self_polySurface6.uexp" 737
"D:/Unreal/ConsoleRift/Content/Import/Textrues/TV_Self/L_TV_Self_Normal.ubulk" 738
"D:/Unreal/ConsoleRift/Content/Import/Textrues/TV_Self/L_TV_Self_Normal.uasset" 739
"D:/Unreal/ConsoleRift/Content/Import/Textrues/TV_Self/L_TV_Self_Normal.uexp" 740
"D:/Unreal/ConsoleRift/Content/Import/Textrues/TV_Self/L_TV_Self_OcclusionRoughnessMetallic.ubulk" 741
"D:/Unreal/ConsoleRift/Content/Import/Textrues/TV_Self/L_TV_Self_OcclusionRoughnessMetallic.uasset" 742
"D:/Unreal/ConsoleRift/Content/Import/Textrues/TV_Self/L_TV_Self_OcclusionRoughnessMetallic.uexp" 743
"D:/Unreal/ConsoleRift/Content/Import/Textrues/TV_Self/L_TV_Self_BaseColor.ubulk" 744
"D:/Unreal/ConsoleRift/Content/Import/Textrues/TV_Self/L_TV_Self_BaseColor.uasset" 745
"D:/Unreal/ConsoleRift/Content/Import/Textrues/TV_Self/L_TV_Self_BaseColor.uexp" 746
"D:/Unreal/ConsoleRift/Content/Import/Material/Tv_Self_mirror.uasset" 747
"D:/Unreal/ConsoleRift/Content/Import/Material/Tv_Self_mirror.uexp" 748
"D:/Unreal/ConsoleRift/Content/Blueprints/Events/Event_WalkingOnScale/BP_Camera_Scene_01.uasset" 749
"D:/Unreal/ConsoleRift/Content/Blueprints/Events/Event_WalkingOnScale/BP_Camera_Scene_01.uexp" 750
"../../../Engine/Content/EngineMaterials/BlendFunc_DefBlend.uasset" 751
"../../../Engine/Content/EngineMaterials/BlendFunc_DefBlend.uexp" 752
"../../../Engine/Content/EngineMaterials/BlendFunc_DefBase.uasset" 753
"../../../Engine/Content/EngineMaterials/BlendFunc_DefBase.uexp" 754
"../../../Engine/Content/Functions/Engine_MaterialFunctions03/Blends/Blend_Overlay.uasset" 755
"../../../Engine/Content/Functions/Engine_MaterialFunctions03/Blends/Blend_Overlay.uexp" 756
"../../../Engine/Content/OpenWorldTemplate/LandscapeMaterial/T_GridChecker_A.ubulk" 757
"../../../Engine/Content/OpenWorldTemplate/LandscapeMaterial/T_GridChecker_A.uasset" 758
"../../../Engine/Content/OpenWorldTemplate/LandscapeMaterial/T_GridChecker_A.uexp" 759
"../../../Engine/Content/Functions/Engine_MaterialFunctions02/Utility/MakeFloat3.uasset" 760
"../../../Engine/Content/Functions/Engine_MaterialFunctions02/Utility/MakeFloat3.uexp" 761
"../../../Engine/Content/Functions/Engine_MaterialFunctions01/Gradient/LinearGradient.uasset" 762
"../../../Engine/Content/Functions/Engine_MaterialFunctions01/Gradient/LinearGradient.uexp" 763
"../../../Engine/Content/Functions/Engine_MaterialFunctions01/ImageAdjustment/CheapContrast.uasset" 764
"../../../Engine/Content/Functions/Engine_MaterialFunctions01/ImageAdjustment/CheapContrast.uexp" 765
"../../../Engine/Content/OpenWorldTemplate/LandscapeMaterial/MF_ProcGrid.uasset" 766
"../../../Engine/Content/OpenWorldTemplate/LandscapeMaterial/MF_ProcGrid.uexp" 767
"../../../Engine/Content/OpenWorldTemplate/LandscapeMaterial/M_ProcGrid.uasset" 768
"../../../Engine/Content/OpenWorldTemplate/LandscapeMaterial/M_ProcGrid.uexp" 769
"../../../Engine/Content/OpenWorldTemplate/LandscapeMaterial/MI_ProcGrid.uasset" 770
"../../../Engine/Content/OpenWorldTemplate/LandscapeMaterial/MI_ProcGrid.uexp" 771
"D:/Unreal/ConsoleRift/Content/Import/Textrues/VCR_01/L_01_VCR_01_Normal.ubulk" 772
"D:/Unreal/ConsoleRift/Content/Import/Textrues/VCR_01/L_01_VCR_01_Normal.uasset" 773
"D:/Unreal/ConsoleRift/Content/Import/Textrues/VCR_01/L_01_VCR_01_Normal.uexp" 774
"D:/Unreal/ConsoleRift/Content/Import/Textrues/VCR_01/L_01_VCR_01_BaseColor.ubulk" 775
"D:/Unreal/ConsoleRift/Content/Import/Textrues/VCR_01/L_01_VCR_01_BaseColor.uasset" 776
"D:/Unreal/ConsoleRift/Content/Import/Textrues/VCR_01/L_01_VCR_01_BaseColor.uexp" 777
"D:/Unreal/ConsoleRift/Content/Import/Textrues/VCR_01/L_01_VCR_01_OcclusionRoughnessMetallic.ubulk" 778
"D:/Unreal/ConsoleRift/Content/Import/Textrues/VCR_01/L_01_VCR_01_OcclusionRoughnessMetallic.uasset" 779
"D:/Unreal/ConsoleRift/Content/Import/Textrues/VCR_01/L_01_VCR_01_OcclusionRoughnessMetallic.uexp" 780
"D:/Unreal/ConsoleRift/Content/Import/Material/VCR_01.uasset" 781
"D:/Unreal/ConsoleRift/Content/Import/Material/VCR_01.uexp" 782
"D:/Unreal/ConsoleRift/Content/Import/Textrues/CardBoard/Low_CardBoard_001_BaseColor.ubulk" 783
"D:/Unreal/ConsoleRift/Content/Import/Textrues/CardBoard/Low_CardBoard_001_BaseColor.uasset" 784
"D:/Unreal/ConsoleRift/Content/Import/Textrues/CardBoard/Low_CardBoard_001_BaseColor.uexp" 785
"D:/Unreal/ConsoleRift/Content/Import/Textrues/CardBoard/Low_CardBoard_001_OcclusionRoughnessMetallic.ubulk" 786
"D:/Unreal/ConsoleRift/Content/Import/Textrues/CardBoard/Low_CardBoard_001_OcclusionRoughnessMetallic.uasset" 787
"D:/Unreal/ConsoleRift/Content/Import/Textrues/CardBoard/Low_CardBoard_001_OcclusionRoughnessMetallic.uexp" 788
"D:/Unreal/ConsoleRift/Content/Import/Textrues/CardBoard/Low_CardBoard_001_Normal.ubulk" 789
"D:/Unreal/ConsoleRift/Content/Import/Textrues/CardBoard/Low_CardBoard_001_Normal.uasset" 790
"D:/Unreal/ConsoleRift/Content/Import/Textrues/CardBoard/Low_CardBoard_001_Normal.uexp" 791
"D:/Unreal/ConsoleRift/Content/Import/Material/Cardboard_01.uasset" 792
"D:/Unreal/ConsoleRift/Content/Import/Material/Cardboard_01.uexp" 793
"D:/Unreal/ConsoleRift/Content/Import/L2_01/L1_01_L_Speakers_001.ubulk" 794
"D:/Unreal/ConsoleRift/Content/Import/L2_01/L1_01_L_Speakers_001.uasset" 795
"D:/Unreal/ConsoleRift/Content/Import/L2_01/L1_01_L_Speakers_001.uexp" 796
"D:/Unreal/ConsoleRift/Content/Import/Textrues/Pizza_Closed/pizza_closed_Pizza_Closed_BaseColor.ubulk" 797
"D:/Unreal/ConsoleRift/Content/Import/Textrues/Pizza_Closed/pizza_closed_Pizza_Closed_BaseColor.uasset" 798
"D:/Unreal/ConsoleRift/Content/Import/Textrues/Pizza_Closed/pizza_closed_Pizza_Closed_BaseColor.uexp" 799
"D:/Unreal/ConsoleRift/Content/Import/Textrues/Pizza_Closed/pizza_closed_Pizza_Closed_OcclusionRoughnessMetallic.ubulk" 800
"D:/Unreal/ConsoleRift/Content/Import/Textrues/Pizza_Closed/pizza_closed_Pizza_Closed_OcclusionRoughnessMetallic.uasset" 801
"D:/Unreal/ConsoleRift/Content/Import/Textrues/Pizza_Closed/pizza_closed_Pizza_Closed_OcclusionRoughnessMetallic.uexp" 802
"D:/Unreal/ConsoleRift/Content/Import/Textrues/Pizza_Closed/pizza_closed_Pizza_Closed_Normal.ubulk" 803
"D:/Unreal/ConsoleRift/Content/Import/Textrues/Pizza_Closed/pizza_closed_Pizza_Closed_Normal.uasset" 804
"D:/Unreal/ConsoleRift/Content/Import/Textrues/Pizza_Closed/pizza_closed_Pizza_Closed_Normal.uexp" 805
"D:/Unreal/ConsoleRift/Content/Import/Material/Pizza_Closed.uasset" 806
"D:/Unreal/ConsoleRift/Content/Import/Material/Pizza_Closed.uexp" 807
"D:/Unreal/ConsoleRift/Content/Import/L2_01/L1_01_L_Speakers_02.ubulk" 808
"D:/Unreal/ConsoleRift/Content/Import/L2_01/L1_01_L_Speakers_02.uasset" 809
"D:/Unreal/ConsoleRift/Content/Import/L2_01/L1_01_L_Speakers_02.uexp" 810
"D:/Unreal/ConsoleRift/Content/Import/lambert2.uasset" 811
"D:/Unreal/ConsoleRift/Content/Import/lambert2.uexp" 812
"D:/Unreal/ConsoleRift/Content/Import/Vcr_Final.ubulk" 813
"D:/Unreal/ConsoleRift/Content/Import/Vcr_Final.uasset" 814
"D:/Unreal/ConsoleRift/Content/Import/Vcr_Final.uexp" 815
"D:/Unreal/ConsoleRift/Content/Import/lambert1.uasset" 816
"D:/Unreal/ConsoleRift/Content/Import/lambert1.uexp" 817
"D:/Unreal/ConsoleRift/Content/Import/Soda_Cup_pCylinder5.ubulk" 818
"D:/Unreal/ConsoleRift/Content/Import/Soda_Cup_pCylinder5.uasset" 819
"D:/Unreal/ConsoleRift/Content/Import/Soda_Cup_pCylinder5.uexp" 820
"D:/Unreal/ConsoleRift/Content/Blueprints/Events/Event_JumpScale/BP_ScaleTriggerVolume.uasset" 821
"D:/Unreal/ConsoleRift/Content/Blueprints/Events/Event_JumpScale/BP_ScaleTriggerVolume.uexp" 822
"D:/Unreal/ConsoleRift/Content/Import/Textrues/Bean_Bag/L_Bean_Bag_OcclusionRoughnessMetallic.ubulk" 823
"D:/Unreal/ConsoleRift/Content/Import/Textrues/Bean_Bag/L_Bean_Bag_OcclusionRoughnessMetallic.uasset" 824
"D:/Unreal/ConsoleRift/Content/Import/Textrues/Bean_Bag/L_Bean_Bag_OcclusionRoughnessMetallic.uexp" 825
"D:/Unreal/ConsoleRift/Content/Import/Textrues/Bean_Bag/L_Bean_Bag_BaseColor.ubulk" 826
"D:/Unreal/ConsoleRift/Content/Import/Textrues/Bean_Bag/L_Bean_Bag_BaseColor.uasset" 827
"D:/Unreal/ConsoleRift/Content/Import/Textrues/Bean_Bag/L_Bean_Bag_BaseColor.uexp" 828
"D:/Unreal/ConsoleRift/Content/Import/Textrues/Bean_Bag/L_Bean_Bag_Normal.ubulk" 829
"D:/Unreal/ConsoleRift/Content/Import/Textrues/Bean_Bag/L_Bean_Bag_Normal.uasset" 830
"D:/Unreal/ConsoleRift/Content/Import/Textrues/Bean_Bag/L_Bean_Bag_Normal.uexp" 831
"D:/Unreal/ConsoleRift/Content/Import/Material/Bean_Bags.uasset" 832
"D:/Unreal/ConsoleRift/Content/Import/Material/Bean_Bags.uexp" 833
"D:/Unreal/ConsoleRift/Content/Blueprints/Events/Event_SideCamera/BP_2DTriggerVolume.uasset" 834
"D:/Unreal/ConsoleRift/Content/Blueprints/Events/Event_SideCamera/BP_2DTriggerVolume.uexp" 835
"D:/Unreal/ConsoleRift/Content/Import/L1_00/L1_00_pasted__Low_Tv_Self_Main.ubulk" 836
"D:/Unreal/ConsoleRift/Content/Import/L1_00/L1_00_pasted__Low_Tv_Self_Main.uasset" 837
"D:/Unreal/ConsoleRift/Content/Import/L1_00/L1_00_pasted__Low_Tv_Self_Main.uexp" 838
"D:/Unreal/ConsoleRift/Content/Blueprints/Character/Animations/Fast_Run.uasset" 839
"D:/Unreal/ConsoleRift/Content/Blueprints/Character/Animations/Fast_Run.uexp" 840
"D:/Unreal/ConsoleRift/Content/Blueprints/Events/Event_QTEJump/LS_QJump.uasset" 841
"D:/Unreal/ConsoleRift/Content/Blueprints/Events/Event_QTEJump/LS_QJump.uexp" 842
"D:/Unreal/ConsoleRift/Content/Import/Big_Self.uasset" 843
"D:/Unreal/ConsoleRift/Content/Import/Big_Self.uexp" 844
"D:/Unreal/ConsoleRift/Content/Import/Re-Self_polySurface9.ubulk" 845
"D:/Unreal/ConsoleRift/Content/Import/Re-Self_polySurface9.uasset" 846
"D:/Unreal/ConsoleRift/Content/Import/Re-Self_polySurface9.uexp" 847
"D:/Unreal/ConsoleRift/Content/Import/Textrues/VCR_02/L_01_VCR_02_Normal.ubulk" 848
"D:/Unreal/ConsoleRift/Content/Import/Textrues/VCR_02/L_01_VCR_02_Normal.uasset" 849
"D:/Unreal/ConsoleRift/Content/Import/Textrues/VCR_02/L_01_VCR_02_Normal.uexp" 850
"D:/Unreal/ConsoleRift/Content/Import/Textrues/VCR_02/L_01_VCR_02_OcclusionRoughnessMetallic.ubulk" 851
"D:/Unreal/ConsoleRift/Content/Import/Textrues/VCR_02/L_01_VCR_02_OcclusionRoughnessMetallic.uasset" 852
"D:/Unreal/ConsoleRift/Content/Import/Textrues/VCR_02/L_01_VCR_02_OcclusionRoughnessMetallic.uexp" 853
"D:/Unreal/ConsoleRift/Content/Import/Textrues/VCR_02/L_01_VCR_02_BaseColor.ubulk" 854
"D:/Unreal/ConsoleRift/Content/Import/Textrues/VCR_02/L_01_VCR_02_BaseColor.uasset" 855
"D:/Unreal/ConsoleRift/Content/Import/Textrues/VCR_02/L_01_VCR_02_BaseColor.uexp" 856
"D:/Unreal/ConsoleRift/Content/Import/Material/VCR_02.uasset" 857
"D:/Unreal/ConsoleRift/Content/Import/Material/VCR_02.uexp" 858
"D:/Unreal/ConsoleRift/Content/Blueprints/Events/Event_WalkingOnScale/BP_CameraShake_Walk.uasset" 859
"D:/Unreal/ConsoleRift/Content/Blueprints/Events/Event_WalkingOnScale/BP_CameraShake_Walk.uexp" 860
"D:/Unreal/ConsoleRift/Content/Blueprints/Character/Animations/Events/BalanceWalk_mixamo_com.uasset" 861
"D:/Unreal/ConsoleRift/Content/Blueprints/Character/Animations/Events/BalanceWalk_mixamo_com.uexp" 862
"D:/Unreal/ConsoleRift/Content/Blueprints/Character/Animations/Events/AM_BalanceWalk.uasset" 863
"D:/Unreal/ConsoleRift/Content/Blueprints/Character/Animations/Events/AM_BalanceWalk.uexp" 864
"D:/Unreal/ConsoleRift/Content/Blueprints/Events/Event_WalkingOnScale/BP_BlendTriggerVolume.uasset" 865
"D:/Unreal/ConsoleRift/Content/Blueprints/Events/Event_WalkingOnScale/BP_BlendTriggerVolume.uexp" 866
"D:/Unreal/ConsoleRift/Content/Import/L1_00/L1_00_Low_Tv_Self_02_SIde.ubulk" 867
"D:/Unreal/ConsoleRift/Content/Import/L1_00/L1_00_Low_Tv_Self_02_SIde.uasset" 868
"D:/Unreal/ConsoleRift/Content/Import/L1_00/L1_00_Low_Tv_Self_02_SIde.uexp" 869
"D:/Unreal/ConsoleRift/Content/Blueprints/QuickTimeEvents/QTE_Library.uasset" 870
"D:/Unreal/ConsoleRift/Content/Blueprints/QuickTimeEvents/QTE_Library.uexp" 871
"D:/Unreal/ConsoleRift/Content/Import/L2_01/L1_01_Soda_Can.ubulk" 872
"D:/Unreal/ConsoleRift/Content/Import/L2_01/L1_01_Soda_Can.uasset" 873
"D:/Unreal/ConsoleRift/Content/Import/L2_01/L1_01_Soda_Can.uexp" 874
"../../../Engine/Content/EngineSky/T_Sky_Stars.ubulk" 875
"../../../Engine/Content/EngineSky/T_Sky_Stars.uasset" 876
"../../../Engine/Content/EngineSky/T_Sky_Stars.uexp" 877
"../../../Engine/Content/EngineSky/T_Sky_Clouds_M.ubulk" 878
"../../../Engine/Content/EngineSky/T_Sky_Clouds_M.uasset" 879
"../../../Engine/Content/EngineSky/T_Sky_Clouds_M.uexp" 880
"../../../Engine/Content/EngineSky/T_Sky_Blue.ubulk" 881
"../../../Engine/Content/EngineSky/T_Sky_Blue.uasset" 882
"../../../Engine/Content/EngineSky/T_Sky_Blue.uexp" 883
"../../../Engine/Content/EngineSky/M_Sky_Panning_Clouds2.uasset" 884
"../../../Engine/Content/EngineSky/M_Sky_Panning_Clouds2.uexp" 885
"../../../Engine/Content/EngineSky/SM_SkySphere.ubulk" 886
"../../../Engine/Content/EngineSky/SM_SkySphere.uasset" 887
"../../../Engine/Content/EngineSky/SM_SkySphere.uexp" 888
"D:/Unreal/ConsoleRift/Content/Import/Rubic_s_Cube_3x3.ubulk" 889
"D:/Unreal/ConsoleRift/Content/Import/Rubic_s_Cube_3x3.uasset" 890
"D:/Unreal/ConsoleRift/Content/Import/Rubic_s_Cube_3x3.uexp" 891
"D:/Unreal/ConsoleRift/Content/Blueprints/Events/Event_FallingInBox/BP_CardBoxCamera.uasset" 892
"D:/Unreal/ConsoleRift/Content/Blueprints/Events/Event_FallingInBox/BP_CardBoxCamera.uexp" 893
"D:/Unreal/ConsoleRift/Content/Import/Xylophone.ubulk" 894
"D:/Unreal/ConsoleRift/Content/Import/Xylophone.uasset" 895
"D:/Unreal/ConsoleRift/Content/Import/Xylophone.uexp" 896
"D:/Unreal/ConsoleRift/Content/Import/L2_01/L1_01_Scale_Small.ubulk" 897
"D:/Unreal/ConsoleRift/Content/Import/L2_01/L1_01_Scale_Small.uasset" 898
"D:/Unreal/ConsoleRift/Content/Import/L2_01/L1_01_Scale_Small.uexp" 899
"D:/Unreal/ConsoleRift/Content/Import/Material/Tv_Self.uasset" 900
"D:/Unreal/ConsoleRift/Content/Import/Material/Tv_Self.uexp" 901
"D:/Unreal/ConsoleRift/Content/Import/Textrues/Soda_Cup/L_Soda_Cup_BaseColor.ubulk" 902
"D:/Unreal/ConsoleRift/Content/Import/Textrues/Soda_Cup/L_Soda_Cup_BaseColor.uasset" 903
"D:/Unreal/ConsoleRift/Content/Import/Textrues/Soda_Cup/L_Soda_Cup_BaseColor.uexp" 904
"D:/Unreal/ConsoleRift/Content/Import/Textrues/Soda_Cup/L_Soda_Cup_Normal.ubulk" 905
"D:/Unreal/ConsoleRift/Content/Import/Textrues/Soda_Cup/L_Soda_Cup_Normal.uasset" 906
"D:/Unreal/ConsoleRift/Content/Import/Textrues/Soda_Cup/L_Soda_Cup_Normal.uexp" 907
"D:/Unreal/ConsoleRift/Content/Import/Textrues/Soda_Cup/L_Soda_Cup_OcclusionRoughnessMetallic.ubulk" 908
"D:/Unreal/ConsoleRift/Content/Import/Textrues/Soda_Cup/L_Soda_Cup_OcclusionRoughnessMetallic.uasset" 909
"D:/Unreal/ConsoleRift/Content/Import/Textrues/Soda_Cup/L_Soda_Cup_OcclusionRoughnessMetallic.uexp" 910
"D:/Unreal/ConsoleRift/Content/Import/Material/Soda_Cup.uasset" 911
"D:/Unreal/ConsoleRift/Content/Import/Material/Soda_Cup.uexp" 912
"D:/Unreal/ConsoleRift/Content/Blueprints/Character/Animations/Sweep_Fall.uasset" 913
"D:/Unreal/ConsoleRift/Content/Blueprints/Character/Animations/Sweep_Fall.uexp" 914
"D:/Unreal/ConsoleRift/Content/Blueprints/Events/Event_QTEJump/BP_QTEJump.uasset" 915
"D:/Unreal/ConsoleRift/Content/Blueprints/Events/Event_QTEJump/BP_QTEJump.uexp" 916
"D:/Unreal/ConsoleRift/Content/Blueprints/Events/Event_QTEJump/LS_QFailJump.uasset" 917
"D:/Unreal/ConsoleRift/Content/Blueprints/Events/Event_QTEJump/LS_QFailJump.uexp" 918
"D:/Unreal/ConsoleRift/Content/Import/L2_01/L1_01_L_Speakers_067.ubulk" 919
"D:/Unreal/ConsoleRift/Content/Import/L2_01/L1_01_L_Speakers_067.uasset" 920
"D:/Unreal/ConsoleRift/Content/Import/L2_01/L1_01_L_Speakers_067.uexp" 921
"D:/Unreal/ConsoleRift/Content/Import/Broken_Scale_pasted__polySurface2.ubulk" 922
"D:/Unreal/ConsoleRift/Content/Import/Broken_Scale_pasted__polySurface2.uasset" 923
"D:/Unreal/ConsoleRift/Content/Import/Broken_Scale_pasted__polySurface2.uexp" 924
"D:/Unreal/ConsoleRift/Content/Import/Pizza_box.ubulk" 925
"D:/Unreal/ConsoleRift/Content/Import/Pizza_box.uasset" 926
"D:/Unreal/ConsoleRift/Content/Import/Pizza_box.uexp" 927
"D:/Unreal/ConsoleRift/Content/Import/L2_01/L1_01_L_Speakers_05.ubulk" 928
"D:/Unreal/ConsoleRift/Content/Import/L2_01/L1_01_L_Speakers_05.uasset" 929
"D:/Unreal/ConsoleRift/Content/Import/L2_01/L1_01_L_Speakers_05.uexp" 930
"../../../Engine/Content/MapTemplates/SM_Template_Map_Floor.ubulk" 931
"../../../Engine/Content/MapTemplates/SM_Template_Map_Floor.uasset" 932
"../../../Engine/Content/MapTemplates/SM_Template_Map_Floor.uexp" 933
"D:/Unreal/ConsoleRift/Content/Import/L2_01/L1_01_Low_TvStand_Mirror.ubulk" 934
"D:/Unreal/ConsoleRift/Content/Import/L2_01/L1_01_Low_TvStand_Mirror.uasset" 935
"D:/Unreal/ConsoleRift/Content/Import/L2_01/L1_01_Low_TvStand_Mirror.uexp" 936
"D:/Unreal/ConsoleRift/Content/Import/L2_01/L1_01_L_Speakers_034.ubulk" 937
"D:/Unreal/ConsoleRift/Content/Import/L2_01/L1_01_L_Speakers_034.uasset" 938
"D:/Unreal/ConsoleRift/Content/Import/L2_01/L1_01_L_Speakers_034.uexp" 939
"D:/Unreal/ConsoleRift/Content/Import/L2_01/L1_01_L_Speakers_056.ubulk" 940
"D:/Unreal/ConsoleRift/Content/Import/L2_01/L1_01_L_Speakers_056.uasset" 941
"D:/Unreal/ConsoleRift/Content/Import/L2_01/L1_01_L_Speakers_056.uexp" 942
"D:/Unreal/ConsoleRift/Content/Import/L1_00/L1_00_Low_Tv_Self_Glass_01.ubulk" 943
"D:/Unreal/ConsoleRift/Content/Import/L1_00/L1_00_Low_Tv_Self_Glass_01.uasset" 944
"D:/Unreal/ConsoleRift/Content/Import/L1_00/L1_00_Low_Tv_Self_Glass_01.uexp" 945
"D:/Unreal/ConsoleRift/Content/Import/L2_01/L1_01_Cardboard_01.ubulk" 946
"D:/Unreal/ConsoleRift/Content/Import/L2_01/L1_01_Cardboard_01.uasset" 947
"D:/Unreal/ConsoleRift/Content/Import/L2_01/L1_01_Cardboard_01.uexp" 948
"D:/Unreal/ConsoleRift/Content/Import/Plastic_Toy_Box.ubulk" 949
"D:/Unreal/ConsoleRift/Content/Import/Plastic_Toy_Box.uasset" 950
"D:/Unreal/ConsoleRift/Content/Import/Plastic_Toy_Box.uexp" 951
"D:/Unreal/ConsoleRift/Content/Import/L1_00/L1_00_polySurface3.ubulk" 952
"D:/Unreal/ConsoleRift/Content/Import/L1_00/L1_00_polySurface3.uasset" 953
"D:/Unreal/ConsoleRift/Content/Import/L1_00/L1_00_polySurface3.uexp" 954
"D:/Unreal/ConsoleRift/Content/Import/Re-Self_Low_Self_Hole_Main.ubulk" 955
"D:/Unreal/ConsoleRift/Content/Import/Re-Self_Low_Self_Hole_Main.uasset" 956
"D:/Unreal/ConsoleRift/Content/Import/Re-Self_Low_Self_Hole_Main.uexp" 957
"D:/Unreal/ConsoleRift/Content/Blueprints/Events/Event_FallingInBox/Box_Rig_Skeleton.uasset" 958
"D:/Unreal/ConsoleRift/Content/Blueprints/Events/Event_FallingInBox/Box_Rig_Skeleton.uexp" 959
"D:/Unreal/ConsoleRift/Content/Blueprints/Animations/Box_Fall.uasset" 960
"D:/Unreal/ConsoleRift/Content/Blueprints/Animations/Box_Fall.uexp" 961
"D:/Unreal/ConsoleRift/Content/Blueprints/Events/Event_FallingInBox/Box_Rig_PhysicsAsset.uasset" 962
"D:/Unreal/ConsoleRift/Content/Blueprints/Events/Event_FallingInBox/Box_Rig_PhysicsAsset.uexp" 963
"D:/Unreal/ConsoleRift/Content/Import/Updated/initialShadingGroup1.uasset" 964
"D:/Unreal/ConsoleRift/Content/Import/Updated/initialShadingGroup1.uexp" 965
"D:/Unreal/ConsoleRift/Content/Blueprints/Events/Event_FallingInBox/Box_Rig.uasset" 966
"D:/Unreal/ConsoleRift/Content/Blueprints/Events/Event_FallingInBox/Box_Rig.uexp" 967
"D:/Unreal/ConsoleRift/Content/Import/Textrues/CardBoard_Rig/cardboard_rig_Box_Rig_OcclusionRoughnessMetallic.ubulk" 968
"D:/Unreal/ConsoleRift/Content/Import/Textrues/CardBoard_Rig/cardboard_rig_Box_Rig_OcclusionRoughnessMetallic.uasset" 969
"D:/Unreal/ConsoleRift/Content/Import/Textrues/CardBoard_Rig/cardboard_rig_Box_Rig_OcclusionRoughnessMetallic.uexp" 970
"D:/Unreal/ConsoleRift/Content/Import/Textrues/CardBoard_Rig/cardboard_rig_Box_Rig_BaseColor.ubulk" 971
"D:/Unreal/ConsoleRift/Content/Import/Textrues/CardBoard_Rig/cardboard_rig_Box_Rig_BaseColor.uasset" 972
"D:/Unreal/ConsoleRift/Content/Import/Textrues/CardBoard_Rig/cardboard_rig_Box_Rig_BaseColor.uexp" 973
"D:/Unreal/ConsoleRift/Content/Import/Textrues/CardBoard_Rig/cardboard_rig_Box_Rig_Normal.ubulk" 974
"D:/Unreal/ConsoleRift/Content/Import/Textrues/CardBoard_Rig/cardboard_rig_Box_Rig_Normal.uasset" 975
"D:/Unreal/ConsoleRift/Content/Import/Textrues/CardBoard_Rig/cardboard_rig_Box_Rig_Normal.uexp" 976
"D:/Unreal/ConsoleRift/Content/Import/Material/Cardboard_Rig.uasset" 977
"D:/Unreal/ConsoleRift/Content/Import/Material/Cardboard_Rig.uexp" 978
"D:/Unreal/ConsoleRift/Content/Blueprints/Events/Event_FallingInBox/ABP_CardBox.uasset" 979
"D:/Unreal/ConsoleRift/Content/Blueprints/Events/Event_FallingInBox/ABP_CardBox.uexp" 980
"D:/Unreal/ConsoleRift/Content/Blueprints/Events/Event_FallingInBox/BP_CardBox.uasset" 981
"D:/Unreal/ConsoleRift/Content/Blueprints/Events/Event_FallingInBox/BP_CardBox.uexp" 982
"D:/Unreal/ConsoleRift/Content/Import/Broken_Scale_pasted__polySurface1.ubulk" 983
"D:/Unreal/ConsoleRift/Content/Import/Broken_Scale_pasted__polySurface1.uasset" 984
"D:/Unreal/ConsoleRift/Content/Import/Broken_Scale_pasted__polySurface1.uexp" 985
"D:/Unreal/ConsoleRift/Content/Import/L2_01/L1_01_L_Speakers_03.ubulk" 986
"D:/Unreal/ConsoleRift/Content/Import/L2_01/L1_01_L_Speakers_03.uasset" 987
"D:/Unreal/ConsoleRift/Content/Import/L2_01/L1_01_L_Speakers_03.uexp" 988
"D:/Unreal/ConsoleRift/Content/Import/L2_01/L1_01_L_Speakers_078.ubulk" 989
"D:/Unreal/ConsoleRift/Content/Import/L2_01/L1_01_L_Speakers_078.uasset" 990
"D:/Unreal/ConsoleRift/Content/Import/L2_01/L1_01_L_Speakers_078.uexp" 991
"D:/Unreal/ConsoleRift/Content/Import/L1_00/L1_00_Low_Tv_Self_02_Partation.ubulk" 992
"D:/Unreal/ConsoleRift/Content/Import/L1_00/L1_00_Low_Tv_Self_02_Partation.uasset" 993
"D:/Unreal/ConsoleRift/Content/Import/L1_00/L1_00_Low_Tv_Self_02_Partation.uexp" 994
"D:/Unreal/ConsoleRift/Content/Import/Textrues/TV_Self_02/L_Tv_Self_02_BaseColor.ubulk" 995
"D:/Unreal/ConsoleRift/Content/Import/Textrues/TV_Self_02/L_Tv_Self_02_BaseColor.uasset" 996
"D:/Unreal/ConsoleRift/Content/Import/Textrues/TV_Self_02/L_Tv_Self_02_BaseColor.uexp" 997
"D:/Unreal/ConsoleRift/Content/Import/Textrues/TV_Self_02/L_Tv_Self_02_Normal.ubulk" 998
"D:/Unreal/ConsoleRift/Content/Import/Textrues/TV_Self_02/L_Tv_Self_02_Normal.uasset" 999
"D:/Unreal/ConsoleRift/Content/Import/Textrues/TV_Self_02/L_Tv_Self_02_Normal.uexp" 1000
"D:/Unreal/ConsoleRift/Content/Import/Textrues/TV_Self_02/L_Tv_Self_02_OcclusionRoughnessMetallic.ubulk" 1001
"D:/Unreal/ConsoleRift/Content/Import/Textrues/TV_Self_02/L_Tv_Self_02_OcclusionRoughnessMetallic.uasset" 1002
"D:/Unreal/ConsoleRift/Content/Import/Textrues/TV_Self_02/L_Tv_Self_02_OcclusionRoughnessMetallic.uexp" 1003
"D:/Unreal/ConsoleRift/Content/Import/Material/Tv_Self_02.uasset" 1004
"D:/Unreal/ConsoleRift/Content/Import/Material/Tv_Self_02.uexp" 1005
"D:/Unreal/ConsoleRift/Content/Import/L1_00/L1_00_Low_Tv_Self_Glass_02.ubulk" 1006
"D:/Unreal/ConsoleRift/Content/Import/L1_00/L1_00_Low_Tv_Self_Glass_02.uasset" 1007
"D:/Unreal/ConsoleRift/Content/Import/L1_00/L1_00_Low_Tv_Self_Glass_02.uexp" 1008
"D:/Unreal/ConsoleRift/Content/Import/L1_00/L1_00_polySurface4.ubulk" 1009
"D:/Unreal/ConsoleRift/Content/Import/L1_00/L1_00_polySurface4.uasset" 1010
"D:/Unreal/ConsoleRift/Content/Import/L1_00/L1_00_polySurface4.uexp" 1011
"D:/Unreal/ConsoleRift/Content/Import/Textrues/Dr_Pepper/L_DR_Pepper_BaseColor.ubulk" 1012
"D:/Unreal/ConsoleRift/Content/Import/Textrues/Dr_Pepper/L_DR_Pepper_BaseColor.uasset" 1013
"D:/Unreal/ConsoleRift/Content/Import/Textrues/Dr_Pepper/L_DR_Pepper_BaseColor.uexp" 1014
"D:/Unreal/ConsoleRift/Content/Import/Textrues/Dr_Pepper/L_DR_Pepper_OcclusionRoughnessMetallic.ubulk" 1015
"D:/Unreal/ConsoleRift/Content/Import/Textrues/Dr_Pepper/L_DR_Pepper_OcclusionRoughnessMetallic.uasset" 1016
"D:/Unreal/ConsoleRift/Content/Import/Textrues/Dr_Pepper/L_DR_Pepper_OcclusionRoughnessMetallic.uexp" 1017
"D:/Unreal/ConsoleRift/Content/Import/Textrues/Dr_Pepper/L_DR_Pepper_Normal.ubulk" 1018
"D:/Unreal/ConsoleRift/Content/Import/Textrues/Dr_Pepper/L_DR_Pepper_Normal.uasset" 1019
"D:/Unreal/ConsoleRift/Content/Import/Textrues/Dr_Pepper/L_DR_Pepper_Normal.uexp" 1020
"D:/Unreal/ConsoleRift/Content/Import/Material/Dr_Peper.uasset" 1021
"D:/Unreal/ConsoleRift/Content/Import/Material/Dr_Peper.uexp" 1022
"D:/Unreal/ConsoleRift/Content/Import/Textrues/Rubic_s_Cube_3x3/Low_Rubic_s_Cube_3x3_BaseColor.ubulk" 1023
"D:/Unreal/ConsoleRift/Content/Import/Textrues/Rubic_s_Cube_3x3/Low_Rubic_s_Cube_3x3_BaseColor.uasset" 1024
"D:/Unreal/ConsoleRift/Content/Import/Textrues/Rubic_s_Cube_3x3/Low_Rubic_s_Cube_3x3_BaseColor.uexp" 1025
"D:/Unreal/ConsoleRift/Content/Import/Textrues/Rubic_s_Cube_3x3/Low_Rubic_s_Cube_3x3_Normal.ubulk" 1026
"D:/Unreal/ConsoleRift/Content/Import/Textrues/Rubic_s_Cube_3x3/Low_Rubic_s_Cube_3x3_Normal.uasset" 1027
"D:/Unreal/ConsoleRift/Content/Import/Textrues/Rubic_s_Cube_3x3/Low_Rubic_s_Cube_3x3_Normal.uexp" 1028
"D:/Unreal/ConsoleRift/Content/Import/Textrues/Rubic_s_Cube_3x3/Low_Rubic_s_Cube_3x3_OcclusionRoughnessMetallic.ubulk" 1029
"D:/Unreal/ConsoleRift/Content/Import/Textrues/Rubic_s_Cube_3x3/Low_Rubic_s_Cube_3x3_OcclusionRoughnessMetallic.uasset" 1030
"D:/Unreal/ConsoleRift/Content/Import/Textrues/Rubic_s_Cube_3x3/Low_Rubic_s_Cube_3x3_OcclusionRoughnessMetallic.uexp" 1031
"D:/Unreal/ConsoleRift/Content/Import/Material/Rubics_Cube_3x3.uasset" 1032
"D:/Unreal/ConsoleRift/Content/Import/Material/Rubics_Cube_3x3.uexp" 1033
"D:/Unreal/ConsoleRift/Content/Import/L2_01/L1_01_Scale_Large.ubulk" 1034
"D:/Unreal/ConsoleRift/Content/Import/L2_01/L1_01_Scale_Large.uasset" 1035
"D:/Unreal/ConsoleRift/Content/Import/L2_01/L1_01_Scale_Large.uexp" 1036
"D:/Unreal/ConsoleRift/Content/Import/L2_01/L1_01_L_Speakers_012.ubulk" 1037
"D:/Unreal/ConsoleRift/Content/Import/L2_01/L1_01_L_Speakers_012.uasset" 1038
"D:/Unreal/ConsoleRift/Content/Import/L2_01/L1_01_L_Speakers_012.uexp" 1039
"D:/Unreal/ConsoleRift/Content/Import/Textrues/VCR_03/L_01_VCR_03_OcclusionRoughnessMetallic.ubulk" 1040
"D:/Unreal/ConsoleRift/Content/Import/Textrues/VCR_03/L_01_VCR_03_OcclusionRoughnessMetallic.uasset" 1041
"D:/Unreal/ConsoleRift/Content/Import/Textrues/VCR_03/L_01_VCR_03_OcclusionRoughnessMetallic.uexp" 1042
"D:/Unreal/ConsoleRift/Content/Import/Textrues/VCR_03/L_01_VCR_03_BaseColor.ubulk" 1043
"D:/Unreal/ConsoleRift/Content/Import/Textrues/VCR_03/L_01_VCR_03_BaseColor.uasset" 1044
"D:/Unreal/ConsoleRift/Content/Import/Textrues/VCR_03/L_01_VCR_03_BaseColor.uexp" 1045
"D:/Unreal/ConsoleRift/Content/Import/Textrues/VCR_03/L_01_VCR_03_Normal.ubulk" 1046
"D:/Unreal/ConsoleRift/Content/Import/Textrues/VCR_03/L_01_VCR_03_Normal.uasset" 1047
"D:/Unreal/ConsoleRift/Content/Import/Textrues/VCR_03/L_01_VCR_03_Normal.uexp" 1048
"D:/Unreal/ConsoleRift/Content/Import/Material/VCR_03.uasset" 1049
"D:/Unreal/ConsoleRift/Content/Import/Material/VCR_03.uexp" 1050
"D:/Unreal/ConsoleRift/Content/Import/Re-Self_polySurface7.ubulk" 1051
"D:/Unreal/ConsoleRift/Content/Import/Re-Self_polySurface7.uasset" 1052
"D:/Unreal/ConsoleRift/Content/Import/Re-Self_polySurface7.uexp" 1053
"D:/Unreal/ConsoleRift/Content/Import/L2_01/L1_01_L_Speakers_06.ubulk" 1054
"D:/Unreal/ConsoleRift/Content/Import/L2_01/L1_01_L_Speakers_06.uasset" 1055
"D:/Unreal/ConsoleRift/Content/Import/L2_01/L1_01_L_Speakers_06.uexp" 1056
"D:/Unreal/ConsoleRift/Content/Import/L1_00/L1_00_polySurface1.ubulk" 1057
"D:/Unreal/ConsoleRift/Content/Import/L1_00/L1_00_polySurface1.uasset" 1058
"D:/Unreal/ConsoleRift/Content/Import/L1_00/L1_00_polySurface1.uexp" 1059
"D:/Unreal/ConsoleRift/Content/Import/Soda_Cup_pCylinder1.ubulk" 1060
"D:/Unreal/ConsoleRift/Content/Import/Soda_Cup_pCylinder1.uasset" 1061
"D:/Unreal/ConsoleRift/Content/Import/Soda_Cup_pCylinder1.uexp" 1062
"D:/Unreal/ConsoleRift/Content/Import/Textrues/TV_Self_01/L_Tv_Self_01_BaseColor.ubulk" 1063
"D:/Unreal/ConsoleRift/Content/Import/Textrues/TV_Self_01/L_Tv_Self_01_BaseColor.uasset" 1064
"D:/Unreal/ConsoleRift/Content/Import/Textrues/TV_Self_01/L_Tv_Self_01_BaseColor.uexp" 1065
"D:/Unreal/ConsoleRift/Content/Import/Textrues/TV_Self_01/L_Tv_Self_01_Normal.ubulk" 1066
"D:/Unreal/ConsoleRift/Content/Import/Textrues/TV_Self_01/L_Tv_Self_01_Normal.uasset" 1067
"D:/Unreal/ConsoleRift/Content/Import/Textrues/TV_Self_01/L_Tv_Self_01_Normal.uexp" 1068
"D:/Unreal/ConsoleRift/Content/Import/Textrues/TV_Self_01/L_Tv_Self_01_OcclusionRoughnessMetallic.ubulk" 1069
"D:/Unreal/ConsoleRift/Content/Import/Textrues/TV_Self_01/L_Tv_Self_01_OcclusionRoughnessMetallic.uasset" 1070
"D:/Unreal/ConsoleRift/Content/Import/Textrues/TV_Self_01/L_Tv_Self_01_OcclusionRoughnessMetallic.uexp" 1071
"D:/Unreal/ConsoleRift/Content/Import/Material/Tv_Self_01.uasset" 1072
"D:/Unreal/ConsoleRift/Content/Import/Material/Tv_Self_01.uexp" 1073
"D:/Unreal/ConsoleRift/Content/Import/Textrues/Scale_Small_Wood/L_Scale_Small_Wood_OcclusionRoughnessMetallic.ubulk" 1074
"D:/Unreal/ConsoleRift/Content/Import/Textrues/Scale_Small_Wood/L_Scale_Small_Wood_OcclusionRoughnessMetallic.uasset" 1075
"D:/Unreal/ConsoleRift/Content/Import/Textrues/Scale_Small_Wood/L_Scale_Small_Wood_OcclusionRoughnessMetallic.uexp" 1076
"D:/Unreal/ConsoleRift/Content/Import/Textrues/Scale_Small_Wood/L_Scale_Small_Wood_BaseColor.ubulk" 1077
"D:/Unreal/ConsoleRift/Content/Import/Textrues/Scale_Small_Wood/L_Scale_Small_Wood_BaseColor.uasset" 1078
"D:/Unreal/ConsoleRift/Content/Import/Textrues/Scale_Small_Wood/L_Scale_Small_Wood_BaseColor.uexp" 1079
"D:/Unreal/ConsoleRift/Content/Import/Textrues/Scale_Small_Wood/L_Scale_Small_Wood_Normal.ubulk" 1080
"D:/Unreal/ConsoleRift/Content/Import/Textrues/Scale_Small_Wood/L_Scale_Small_Wood_Normal.uasset" 1081
"D:/Unreal/ConsoleRift/Content/Import/Textrues/Scale_Small_Wood/L_Scale_Small_Wood_Normal.uexp" 1082
"D:/Unreal/ConsoleRift/Content/Import/Material/Scale_wood_Small.uasset" 1083
"D:/Unreal/ConsoleRift/Content/Import/Material/Scale_wood_Small.uexp" 1084
"D:/Unreal/ConsoleRift/Content/Import/L2_01/L1_01_Bean_Bag_01.ubulk" 1085
"D:/Unreal/ConsoleRift/Content/Import/L2_01/L1_01_Bean_Bag_01.uasset" 1086
"D:/Unreal/ConsoleRift/Content/Import/L2_01/L1_01_Bean_Bag_01.uexp" 1087
"D:/Unreal/ConsoleRift/Content/Import/Textrues/Mirrors/L_Mirrors_BaseColor.ubulk" 1088
"D:/Unreal/ConsoleRift/Content/Import/Textrues/Mirrors/L_Mirrors_BaseColor.uasset" 1089
"D:/Unreal/ConsoleRift/Content/Import/Textrues/Mirrors/L_Mirrors_BaseColor.uexp" 1090
"D:/Unreal/ConsoleRift/Content/Import/Textrues/Mirrors/L_Mirrors_Normal.ubulk" 1091
"D:/Unreal/ConsoleRift/Content/Import/Textrues/Mirrors/L_Mirrors_Normal.uasset" 1092
"D:/Unreal/ConsoleRift/Content/Import/Textrues/Mirrors/L_Mirrors_Normal.uexp" 1093
"D:/Unreal/ConsoleRift/Content/Import/Textrues/Mirrors/L_Mirrors_OcclusionRoughnessMetallic.ubulk" 1094
"D:/Unreal/ConsoleRift/Content/Import/Textrues/Mirrors/L_Mirrors_OcclusionRoughnessMetallic.uasset" 1095
"D:/Unreal/ConsoleRift/Content/Import/Textrues/Mirrors/L_Mirrors_OcclusionRoughnessMetallic.uexp" 1096
"D:/Unreal/ConsoleRift/Content/Import/Material/Mirros.uasset" 1097
"D:/Unreal/ConsoleRift/Content/Import/Material/Mirros.uexp" 1098
"D:/Unreal/ConsoleRift/Content/Import/L2_01/L1_01_Soda_Can1.ubulk" 1099
"D:/Unreal/ConsoleRift/Content/Import/L2_01/L1_01_Soda_Can1.uasset" 1100
"D:/Unreal/ConsoleRift/Content/Import/L2_01/L1_01_Soda_Can1.uexp" 1101
"D:/Unreal/ConsoleRift/Content/Import/L2_01/L1_01_L_Speakers_023.ubulk" 1102
"D:/Unreal/ConsoleRift/Content/Import/L2_01/L1_01_L_Speakers_023.uasset" 1103
"D:/Unreal/ConsoleRift/Content/Import/L2_01/L1_01_L_Speakers_023.uexp" 1104
"D:/Unreal/ConsoleRift/Content/Import/Re-Self_polySurface10.ubulk" 1105
"D:/Unreal/ConsoleRift/Content/Import/Re-Self_polySurface10.uasset" 1106
"D:/Unreal/ConsoleRift/Content/Import/Re-Self_polySurface10.uexp" 1107
"D:/Unreal/ConsoleRift/Content/Import/L1_00/L1_00_polySurface2.ubulk" 1108
"D:/Unreal/ConsoleRift/Content/Import/L1_00/L1_00_polySurface2.uasset" 1109
"D:/Unreal/ConsoleRift/Content/Import/L1_00/L1_00_polySurface2.uexp" 1110
"D:/Unreal/ConsoleRift/Content/Import/L2_01/L1_01_Low_TvStand_Bottom.ubulk" 1111
"D:/Unreal/ConsoleRift/Content/Import/L2_01/L1_01_Low_TvStand_Bottom.uasset" 1112
"D:/Unreal/ConsoleRift/Content/Import/L2_01/L1_01_Low_TvStand_Bottom.uexp" 1113
"D:/Unreal/ConsoleRift/Content/Import/L1_00/L1_00_Low_Tv_Self_Drawer_02.ubulk" 1114
"D:/Unreal/ConsoleRift/Content/Import/L1_00/L1_00_Low_Tv_Self_Drawer_02.uasset" 1115
"D:/Unreal/ConsoleRift/Content/Import/L1_00/L1_00_Low_Tv_Self_Drawer_02.uexp" 1116
"D:/Unreal/ConsoleRift/Content/Import/L2_01/L1_01_L_Speakers_01.ubulk" 1117
"D:/Unreal/ConsoleRift/Content/Import/L2_01/L1_01_L_Speakers_01.uasset" 1118
"D:/Unreal/ConsoleRift/Content/Import/L2_01/L1_01_L_Speakers_01.uexp" 1119
"D:/Unreal/ConsoleRift/Content/Import/Mirrors.uasset" 1120
"D:/Unreal/ConsoleRift/Content/Import/Mirrors.uexp" 1121
"D:/Unreal/ConsoleRift/Content/Import/Re-Self_Low_Hole_Glass_1.ubulk" 1122
"D:/Unreal/ConsoleRift/Content/Import/Re-Self_Low_Hole_Glass_1.uasset" 1123
"D:/Unreal/ConsoleRift/Content/Import/Re-Self_Low_Hole_Glass_1.uexp" 1124
"D:/Unreal/ConsoleRift/Content/Import/Soda_Cup_pCylinder4.ubulk" 1125
"D:/Unreal/ConsoleRift/Content/Import/Soda_Cup_pCylinder4.uasset" 1126
"D:/Unreal/ConsoleRift/Content/Import/Soda_Cup_pCylinder4.uexp" 1127
"D:/Unreal/ConsoleRift/Content/Import/L2_01/L1_01_L_Speakers_00.ubulk" 1128
"D:/Unreal/ConsoleRift/Content/Import/L2_01/L1_01_L_Speakers_00.uasset" 1129
"D:/Unreal/ConsoleRift/Content/Import/L2_01/L1_01_L_Speakers_00.uexp" 1130
"D:/Unreal/ConsoleRift/Content/Import/L1_00/L1_00_Low_Tv_Self_Glass_03.ubulk" 1131
"D:/Unreal/ConsoleRift/Content/Import/L1_00/L1_00_Low_Tv_Self_Glass_03.uasset" 1132
"D:/Unreal/ConsoleRift/Content/Import/L1_00/L1_00_Low_Tv_Self_Glass_03.uexp" 1133
"../../../Engine/Content/EngineSky/M_SimpleSkyDome.uasset" 1134
"../../../Engine/Content/EngineSky/M_SimpleSkyDome.uexp" 1135
"D:/Unreal/ConsoleRift/Content/Import/Soda_Cup_pCylinder3.ubulk" 1136
"D:/Unreal/ConsoleRift/Content/Import/Soda_Cup_pCylinder3.uasset" 1137
"D:/Unreal/ConsoleRift/Content/Import/Soda_Cup_pCylinder3.uexp" 1138
"D:/Unreal/ConsoleRift/Content/Import/Textrues/Speakers/L_Edifier_Speakers_P12-Brown_OcclusionRoughnessMetallic.ubulk" 1139
"D:/Unreal/ConsoleRift/Content/Import/Textrues/Speakers/L_Edifier_Speakers_P12-Brown_OcclusionRoughnessMetallic.uasset" 1140
"D:/Unreal/ConsoleRift/Content/Import/Textrues/Speakers/L_Edifier_Speakers_P12-Brown_OcclusionRoughnessMetallic.uexp" 1141
"D:/Unreal/ConsoleRift/Content/Import/Textrues/Speakers/L_Edifier_Speakers_P12-Brown_BaseColor.ubulk" 1142
"D:/Unreal/ConsoleRift/Content/Import/Textrues/Speakers/L_Edifier_Speakers_P12-Brown_BaseColor.uasset" 1143
"D:/Unreal/ConsoleRift/Content/Import/Textrues/Speakers/L_Edifier_Speakers_P12-Brown_BaseColor.uexp" 1144
"D:/Unreal/ConsoleRift/Content/Import/Textrues/Speakers/L_Edifier_Speakers_P12-Brown_Normal.ubulk" 1145
"D:/Unreal/ConsoleRift/Content/Import/Textrues/Speakers/L_Edifier_Speakers_P12-Brown_Normal.uasset" 1146
"D:/Unreal/ConsoleRift/Content/Import/Textrues/Speakers/L_Edifier_Speakers_P12-Brown_Normal.uexp" 1147
"D:/Unreal/ConsoleRift/Content/Import/Material/Speakers.uasset" 1148
"D:/Unreal/ConsoleRift/Content/Import/Material/Speakers.uexp" 1149
"D:/Unreal/ConsoleRift/Content/Import/Re-Self_Low_Big_Self_Mirrors.ubulk" 1150
"D:/Unreal/ConsoleRift/Content/Import/Re-Self_Low_Big_Self_Mirrors.uasset" 1151
"D:/Unreal/ConsoleRift/Content/Import/Re-Self_Low_Big_Self_Mirrors.uexp" 1152
"D:/Unreal/ConsoleRift/Content/Import/L2_01/L1_01_L_Speakers_045.ubulk" 1153
"D:/Unreal/ConsoleRift/Content/Import/L2_01/L1_01_L_Speakers_045.uasset" 1154
"D:/Unreal/ConsoleRift/Content/Import/L2_01/L1_01_L_Speakers_045.uexp" 1155
"D:/Unreal/ConsoleRift/Content/Import/Textrues/Broken_Scale_Plastic/Broken_l_Broken_Scale_Plastic_OcclusionRoughnessMetallic.ubulk" 1156
"D:/Unreal/ConsoleRift/Content/Import/Textrues/Broken_Scale_Plastic/Broken_l_Broken_Scale_Plastic_OcclusionRoughnessMetallic.uasset" 1157
"D:/Unreal/ConsoleRift/Content/Import/Textrues/Broken_Scale_Plastic/Broken_l_Broken_Scale_Plastic_OcclusionRoughnessMetallic.uexp" 1158
"D:/Unreal/ConsoleRift/Content/Import/Textrues/Broken_Scale_Plastic/Broken_l_Broken_Scale_Plastic_Normal.ubulk" 1159
"D:/Unreal/ConsoleRift/Content/Import/Textrues/Broken_Scale_Plastic/Broken_l_Broken_Scale_Plastic_Normal.uasset" 1160
"D:/Unreal/ConsoleRift/Content/Import/Textrues/Broken_Scale_Plastic/Broken_l_Broken_Scale_Plastic_Normal.uexp" 1161
"D:/Unreal/ConsoleRift/Content/Import/Textrues/Broken_Scale_Plastic/Broken_l_Broken_Scale_Plastic_BaseColor.ubulk" 1162
"D:/Unreal/ConsoleRift/Content/Import/Textrues/Broken_Scale_Plastic/Broken_l_Broken_Scale_Plastic_BaseColor.uasset" 1163
"D:/Unreal/ConsoleRift/Content/Import/Textrues/Broken_Scale_Plastic/Broken_l_Broken_Scale_Plastic_BaseColor.uexp" 1164
"D:/Unreal/ConsoleRift/Content/Import/Material/Broken_Scale.uasset" 1165
"D:/Unreal/ConsoleRift/Content/Import/Material/Broken_Scale.uexp" 1166
"D:/Unreal/ConsoleRift/Content/Import/L2_01/L1_01_L_Speakers_07.ubulk" 1167
"D:/Unreal/ConsoleRift/Content/Import/L2_01/L1_01_L_Speakers_07.uasset" 1168
"D:/Unreal/ConsoleRift/Content/Import/L2_01/L1_01_L_Speakers_07.uexp" 1169
"D:/Unreal/ConsoleRift/Content/Import/Material/Metal.uasset" 1170
"D:/Unreal/ConsoleRift/Content/Import/Material/Metal.uexp" 1171
"D:/Unreal/ConsoleRift/Content/Maps/Test1.uexp" 1172
"D:/Unreal/ConsoleRift/Content/Maps/Test1.umap" 1173
"D:/Unreal/ConsoleRift/Content/Blueprints/Character/Animations/Running_Jump.uasset" 1174
"D:/Unreal/ConsoleRift/Content/Blueprints/Character/Animations/Running_Jump.uexp" 1175
"D:/Unreal/ConsoleRift/Content/Blueprints/Events/Event_QTEJump/LS_Lmao.uasset" 1176
"D:/Unreal/ConsoleRift/Content/Blueprints/Events/Event_QTEJump/LS_Lmao.uexp" 1177
"D:/Unreal/ConsoleRift/Content/Maps/Test.uexp" 1178
"D:/Unreal/ConsoleRift/Content/Maps/Test.umap" 1179
